#! /usr/local/Cellar/icarus-verilog/13.0/bin/vvp
:ivl_version "13.0 (stable)" "(v13_0)";
:ivl_delay_selection "TYPICAL";
:vpi_time_precision - 12;
:vpi_module "/usr/local/Cellar/icarus-verilog/13.0/lib/ivl/system.vpi";
:vpi_module "/usr/local/Cellar/icarus-verilog/13.0/lib/ivl/vhdl_sys.vpi";
:vpi_module "/usr/local/Cellar/icarus-verilog/13.0/lib/ivl/vhdl_textio.vpi";
:vpi_module "/usr/local/Cellar/icarus-verilog/13.0/lib/ivl/v2005_math.vpi";
:vpi_module "/usr/local/Cellar/icarus-verilog/13.0/lib/ivl/va_math.vpi";
S_0x7fbb5fb2a920 .scope module, "tb_cpu" "tb_cpu" 2 3;
 .timescale -9 -12;
v0x7fbb5fb81880_0 .net "MemRead", 0 0, L_0x7fbb5fb82a40;  1 drivers
v0x7fbb5fb81930_0 .net "MemWrite", 0 0, L_0x7fbb5fb82b50;  1 drivers
v0x7fbb5fb819c0_0 .var "clk", 0 0;
v0x7fbb5fb81a90_0 .var/i "i", 31 0;
v0x7fbb5fb81b20 .array "mem", 256 0, 31 0;
v0x7fbb5fb81bf0_0 .net "mem_addr", 31 0, L_0x7fbb5ef4e1d0;  1 drivers
v0x7fbb5fb81c80_0 .var "mem_rdata", 31 0;
o0x7fbb50037c28 .functor BUFZ 32, c4<zzzzzzzzzzzzzzzzzzzzzzzzzzzzzzzz>; HiZ drive
v0x7fbb5fb81d50_0 .net "mem_wdata", 31 0, o0x7fbb50037c28;  0 drivers
S_0x7fbb5fb3d910 .scope module, "uut" "CPU" 2 22, 3 1 0, S_0x7fbb5fb2a920;
 .timescale 0 0;
    .port_info 0 /INPUT 1 "clk";
    .port_info 1 /INPUT 32 "mem_rdata";
    .port_info 2 /OUTPUT 32 "mem_addr";
    .port_info 3 /OUTPUT 32 "mem_wdata";
    .port_info 4 /OUTPUT 1 "MemRead";
    .port_info 5 /OUTPUT 1 "MemWrite";
L_0x7fbb5fb82ae0 .functor AND 1, v0x7fbb5fb7d1b0_0, L_0x7fbb5fb82bf0, C4<1>, C4<1>;
L_0x7fbb5ef41800 .functor BUFZ 32, L_0x7fbb5ef08600, C4<00000000000000000000000000000000>, C4<00000000000000000000000000000000>, C4<00000000000000000000000000000000>;
L_0x7fbb5ef4e1d0 .functor BUFZ 32, v0x7fbb5fb7fed0_0, C4<00000000000000000000000000000000>, C4<00000000000000000000000000000000>, C4<00000000000000000000000000000000>;
v0x7fbb5fb7fbc0_0 .net "ALUSrc", 0 0, L_0x7fbb5fb82740;  1 drivers
v0x7fbb5fb7fc50_0 .net "F", 31 0, v0x7fbb5fb7ccb0_0;  1 drivers
v0x7fbb5fb7fce0_0 .net "MemRead", 0 0, L_0x7fbb5fb82a40;  alias, 1 drivers
v0x7fbb5fb7fd70_0 .net "MemWrite", 0 0, L_0x7fbb5fb82b50;  alias, 1 drivers
v0x7fbb5fb7fe00_0 .net "MemtoReg", 0 0, L_0x7fbb5fb827e0;  1 drivers
v0x7fbb5fb7fed0_0 .var "PC", 31 0;
v0x7fbb5fb7ff60_0 .net "PCSrc", 0 0, L_0x7fbb5fb82bf0;  1 drivers
v0x7fbb5fb7fff0_0 .net "RegDst", 0 0, L_0x7fbb5fb825d0;  1 drivers
v0x7fbb5fb800a0_0 .net "RegWrite", 0 0, L_0x7fbb5fb829a0;  1 drivers
v0x7fbb5fb801d0_0 .net *"_ivl_11", 15 0, L_0x7fbb5fb82230;  1 drivers
v0x7fbb5fb80260_0 .net *"_ivl_13", 15 0, L_0x7fbb5fb82310;  1 drivers
L_0x7fbb50068518 .functor BUFT 1, C4<00000000000000000000000000000100>, C4<0>, C4<0>, C4<0>;
v0x7fbb5fb802f0_0 .net/2u *"_ivl_38", 31 0, L_0x7fbb50068518;  1 drivers
v0x7fbb5fb80380_0 .net *"_ivl_42", 31 0, L_0x7fbb5ef4efd0;  1 drivers
v0x7fbb5fb80430_0 .net *"_ivl_44", 29 0, L_0x7fbb5ef4eeb0;  1 drivers
L_0x7fbb50068560 .functor BUFT 1, C4<00>, C4<0>, C4<0>, C4<0>;
v0x7fbb5fb804e0_0 .net *"_ivl_46", 1 0, L_0x7fbb50068560;  1 drivers
v0x7fbb5fb80590_0 .net *"_ivl_9", 0 0, L_0x7fbb5fb82160;  1 drivers
v0x7fbb5fb80640_0 .net "aluFunc", 2 0, L_0x7fbb5ef13cc0;  1 drivers
v0x7fbb5fb80820_0 .net "aluIn1", 31 0, L_0x7fbb5ef41800;  1 drivers
v0x7fbb5fb808b0_0 .net "aluIn2", 31 0, L_0x7fbb5ef43fb0;  1 drivers
v0x7fbb5fb80940_0 .net "aluOp", 1 0, L_0x7fbb5ef35d40;  1 drivers
v0x7fbb5fb80a10_0 .net "bAddr", 31 0, L_0x7fbb5ef4f0f0;  1 drivers
v0x7fbb5fb80aa0_0 .net "clk", 0 0, v0x7fbb5fb819c0_0;  1 drivers
v0x7fbb5fb80b30_0 .net "ctrlSig", 6 0, L_0x7fbb5ef38af0;  1 drivers
v0x7fbb5fb80bc0_0 .net "funct", 5 0, L_0x7fbb5fb81de0;  1 drivers
v0x7fbb5fb80c70_0 .net "isZero", 0 0, v0x7fbb5fb7d1b0_0;  1 drivers
v0x7fbb5fb80d20_0 .net "mem_addr", 31 0, L_0x7fbb5ef4e1d0;  alias, 1 drivers
v0x7fbb5fb80db0_0 .net "mem_rdata", 31 0, v0x7fbb5fb81c80_0;  1 drivers
v0x7fbb5fb80e70_0 .net "mem_wdata", 31 0, o0x7fbb50037c28;  alias, 0 drivers
v0x7fbb5fb80f10_0 .net "nextPC", 31 0, L_0x7fbb5ef4e240;  1 drivers
v0x7fbb5fb80fc0_0 .net "opcode", 5 0, L_0x7fbb5fb82dd0;  1 drivers
v0x7fbb5fb81080_0 .net "pcSel", 0 0, L_0x7fbb5fb82ae0;  1 drivers
v0x7fbb5fb81110_0 .net "rd", 4 0, L_0x7fbb5fb820c0;  1 drivers
v0x7fbb5fb811d0_0 .net "rdata1", 31 0, L_0x7fbb5ef08600;  1 drivers
v0x7fbb5fb806f0_0 .net "rdata2", 31 0, L_0x7fbb5ef441a0;  1 drivers
v0x7fbb5fb81460_0 .net "rs", 4 0, L_0x7fbb5fb81ec0;  1 drivers
v0x7fbb5fb814f0_0 .net "rt", 4 0, L_0x7fbb5fb82020;  1 drivers
v0x7fbb5fb815c0_0 .net "signExt", 31 0, L_0x7fbb5fb824f0;  1 drivers
v0x7fbb5fb81660_0 .net "writeNum", 4 0, L_0x7fbb5ef32f90;  1 drivers
v0x7fbb5fb81730_0 .net "write_data", 31 0, L_0x7fbb5ef4e130;  1 drivers
L_0x7fbb5fb81de0 .part v0x7fbb5fb81c80_0, 0, 6;
L_0x7fbb5fb81ec0 .part v0x7fbb5fb81c80_0, 21, 5;
L_0x7fbb5fb82020 .part v0x7fbb5fb81c80_0, 16, 5;
L_0x7fbb5fb820c0 .part v0x7fbb5fb81c80_0, 11, 5;
L_0x7fbb5fb82160 .part v0x7fbb5fb81c80_0, 15, 1;
L_0x7fbb5fb82230 .repeat 16, 16, L_0x7fbb5fb82160;
L_0x7fbb5fb82310 .part v0x7fbb5fb81c80_0, 0, 16;
L_0x7fbb5fb824f0 .concat [ 16 16 0 0], L_0x7fbb5fb82310, L_0x7fbb5fb82230;
L_0x7fbb5fb825d0 .part L_0x7fbb5ef38af0, 6, 1;
L_0x7fbb5fb82740 .part L_0x7fbb5ef38af0, 5, 1;
L_0x7fbb5fb827e0 .part L_0x7fbb5ef38af0, 4, 1;
L_0x7fbb5fb829a0 .part L_0x7fbb5ef38af0, 3, 1;
L_0x7fbb5fb82a40 .part L_0x7fbb5ef38af0, 2, 1;
L_0x7fbb5fb82b50 .part L_0x7fbb5ef38af0, 1, 1;
L_0x7fbb5fb82bf0 .part L_0x7fbb5ef38af0, 0, 1;
L_0x7fbb5fb82dd0 .part L_0x7fbb5ef4e1d0, 26, 6;
L_0x7fbb5ef4e240 .arith/sum 32, v0x7fbb5fb7fed0_0, L_0x7fbb50068518;
L_0x7fbb5ef4eeb0 .part L_0x7fbb5fb824f0, 0, 30;
L_0x7fbb5ef4efd0 .concat [ 2 30 0 0], L_0x7fbb50068560, L_0x7fbb5ef4eeb0;
L_0x7fbb5ef4f0f0 .arith/sum 32, L_0x7fbb5ef4e240, L_0x7fbb5ef4efd0;
S_0x7fbb5fb3cf30 .scope module, "MUX_ALUOUT" "MUX32" 3 109, 4 1 0, S_0x7fbb5fb3d910;
 .timescale 0 0;
    .port_info 0 /INPUT 32 "a";
    .port_info 1 /INPUT 32 "b";
    .port_info 2 /INPUT 1 "s";
    .port_info 3 /OUTPUT 32 "z";
v0x7fbb5fb44990_0 .net "a", 31 0, v0x7fbb5fb7ccb0_0;  alias, 1 drivers
v0x7fbb5fb5a250_0 .net "b", 31 0, v0x7fbb5fb81c80_0;  alias, 1 drivers
v0x7fbb5fb5a300_0 .net "s", 0 0, L_0x7fbb5fb827e0;  alias, 1 drivers
v0x7fbb5fb5a3b0_0 .net "z", 31 0, L_0x7fbb5ef4e130;  alias, 1 drivers
L_0x7fbb5ef4e130 .functor MUXZ 32, v0x7fbb5fb81c80_0, v0x7fbb5fb7ccb0_0, L_0x7fbb5fb827e0, C4<>;
S_0x7fbb5fb5a4c0 .scope module, "MUX_TOALU" "MUX32" 3 93, 4 1 0, S_0x7fbb5fb3d910;
 .timescale 0 0;
    .port_info 0 /INPUT 32 "a";
    .port_info 1 /INPUT 32 "b";
    .port_info 2 /INPUT 1 "s";
    .port_info 3 /OUTPUT 32 "z";
v0x7fbb5fb5a710_0 .net "a", 31 0, L_0x7fbb5fb824f0;  alias, 1 drivers
v0x7fbb5fb5a7c0_0 .net "b", 31 0, L_0x7fbb5ef441a0;  alias, 1 drivers
v0x7fbb5fb5a870_0 .net "s", 0 0, L_0x7fbb5fb82740;  alias, 1 drivers
v0x7fbb5fb5a920_0 .net "z", 31 0, L_0x7fbb5ef43fb0;  alias, 1 drivers
L_0x7fbb5ef43fb0 .functor MUXZ 32, L_0x7fbb5ef441a0, L_0x7fbb5fb824f0, L_0x7fbb5fb82740, C4<>;
S_0x7fbb5fb5aa30 .scope module, "MUX_TOREG" "MUX05" 3 53, 5 1 0, S_0x7fbb5fb3d910;
 .timescale 0 0;
    .port_info 0 /INPUT 5 "a";
    .port_info 1 /INPUT 5 "b";
    .port_info 2 /INPUT 1 "s";
    .port_info 3 /OUTPUT 5 "z";
v0x7fbb5fb5ac90_0 .net "a", 4 0, L_0x7fbb5fb820c0;  alias, 1 drivers
v0x7fbb5fb5ad40_0 .net "b", 4 0, L_0x7fbb5fb82020;  alias, 1 drivers
v0x7fbb5fb5adf0_0 .net "s", 0 0, L_0x7fbb5fb825d0;  alias, 1 drivers
v0x7fbb5fb5aea0_0 .net "z", 4 0, L_0x7fbb5ef32f90;  alias, 1 drivers
L_0x7fbb5ef32f90 .functor MUXZ 5, L_0x7fbb5fb82020, L_0x7fbb5fb820c0, L_0x7fbb5fb825d0, C4<>;
S_0x7fbb5fb5afb0 .scope module, "RF" "REG_FILE" 3 61, 6 1 0, S_0x7fbb5fb3d910;
 .timescale 0 0;
    .port_info 0 /INPUT 5 "rs";
    .port_info 1 /INPUT 5 "rt";
    .port_info 2 /INPUT 5 "rd";
    .port_info 3 /INPUT 32 "write_data";
    .port_info 4 /INPUT 1 "write_enable";
    .port_info 5 /INPUT 1 "clk";
    .port_info 6 /OUTPUT 32 "rs_out";
    .port_info 7 /OUTPUT 32 "rt_out";
L_0x7fbb5ef2d4d0 .functor AND 1, L_0x7fbb5fb829a0, L_0x7fbb5ef2a680, C4<1>, C4<1>;
L_0x7fbb5ef27970 .functor AND 1, L_0x7fbb5ef2d4d0, L_0x7fbb5ef278d0, C4<1>, C4<1>;
L_0x7fbb5ef44240 .functor AND 1, L_0x7fbb5fb829a0, L_0x7fbb5ef30260, C4<1>, C4<1>;
L_0x7fbb5ef19480 .functor AND 1, L_0x7fbb5ef44240, L_0x7fbb5ef24b80, C4<1>, C4<1>;
L_0x7fbb50068128 .functor BUFT 1, C4<00000>, C4<0>, C4<0>, C4<0>;
v0x7fbb5fb5b310_0 .net/2u *"_ivl_0", 4 0, L_0x7fbb50068128;  1 drivers
L_0x7fbb500681b8 .functor BUFT 1, C4<00000>, C4<0>, C4<0>, C4<0>;
v0x7fbb5fb5b3d0_0 .net/2u *"_ivl_10", 4 0, L_0x7fbb500681b8;  1 drivers
v0x7fbb5fb5b470_0 .net *"_ivl_12", 0 0, L_0x7fbb5ef278d0;  1 drivers
v0x7fbb5fb5b520_0 .net *"_ivl_15", 0 0, L_0x7fbb5ef27970;  1 drivers
v0x7fbb5fb5b5b0_0 .net *"_ivl_16", 31 0, L_0x7fbb5ef1c210;  1 drivers
v0x7fbb5fb5b6a0_0 .net *"_ivl_18", 6 0, L_0x7fbb5ef166b0;  1 drivers
v0x7fbb5fb5b750_0 .net *"_ivl_2", 0 0, L_0x7fbb5ef2d430;  1 drivers
L_0x7fbb50068200 .functor BUFT 1, C4<00>, C4<0>, C4<0>, C4<0>;
v0x7fbb5fb5b7f0_0 .net *"_ivl_21", 1 0, L_0x7fbb50068200;  1 drivers
v0x7fbb5fb5b8a0_0 .net *"_ivl_22", 31 0, L_0x7fbb5ef13900;  1 drivers
L_0x7fbb50068248 .functor BUFT 1, C4<00000>, C4<0>, C4<0>, C4<0>;
v0x7fbb5fb5b9b0_0 .net/2u *"_ivl_26", 4 0, L_0x7fbb50068248;  1 drivers
v0x7fbb5fb5ba60_0 .net *"_ivl_28", 0 0, L_0x7fbb5ef301c0;  1 drivers
L_0x7fbb50068290 .functor BUFT 1, C4<00000000000000000000000000000000>, C4<0>, C4<0>, C4<0>;
v0x7fbb5fb5bb00_0 .net/2u *"_ivl_30", 31 0, L_0x7fbb50068290;  1 drivers
v0x7fbb5fb5bbb0_0 .net *"_ivl_32", 0 0, L_0x7fbb5ef30260;  1 drivers
v0x7fbb5fb5bc50_0 .net *"_ivl_35", 0 0, L_0x7fbb5ef44240;  1 drivers
L_0x7fbb500682d8 .functor BUFT 1, C4<00000>, C4<0>, C4<0>, C4<0>;
v0x7fbb5fb5bcf0_0 .net/2u *"_ivl_36", 4 0, L_0x7fbb500682d8;  1 drivers
v0x7fbb5fb5bda0_0 .net *"_ivl_38", 0 0, L_0x7fbb5ef24b80;  1 drivers
L_0x7fbb50068170 .functor BUFT 1, C4<00000000000000000000000000000000>, C4<0>, C4<0>, C4<0>;
v0x7fbb5fb5be40_0 .net/2u *"_ivl_4", 31 0, L_0x7fbb50068170;  1 drivers
v0x7fbb5fb5bfd0_0 .net *"_ivl_41", 0 0, L_0x7fbb5ef19480;  1 drivers
v0x7fbb5fb5c060_0 .net *"_ivl_42", 31 0, L_0x7fbb5ef10f10;  1 drivers
v0x7fbb5fb5c100_0 .net *"_ivl_44", 6 0, L_0x7fbb5ef10fb0;  1 drivers
L_0x7fbb50068320 .functor BUFT 1, C4<00>, C4<0>, C4<0>, C4<0>;
v0x7fbb5fb5c1b0_0 .net *"_ivl_47", 1 0, L_0x7fbb50068320;  1 drivers
v0x7fbb5fb5c260_0 .net *"_ivl_48", 31 0, L_0x7fbb5ef0e1e0;  1 drivers
v0x7fbb5fb5c310_0 .net *"_ivl_6", 0 0, L_0x7fbb5ef2a680;  1 drivers
v0x7fbb5fb5c3b0_0 .net *"_ivl_9", 0 0, L_0x7fbb5ef2d4d0;  1 drivers
v0x7fbb5fb5c450_0 .net "clk", 0 0, v0x7fbb5fb819c0_0;  alias, 1 drivers
v0x7fbb5fb5c4f0_0 .net "rd", 4 0, L_0x7fbb5ef32f90;  alias, 1 drivers
v0x7fbb5fb5c5b0 .array "regfile", 0 31, 31 0;
v0x7fbb5fb5c640_0 .net "rs", 4 0, L_0x7fbb5fb81ec0;  alias, 1 drivers
v0x7fbb5fb5c6d0_0 .net "rs_out", 31 0, L_0x7fbb5ef08600;  alias, 1 drivers
v0x7fbb5fb5c760_0 .net "rt", 4 0, L_0x7fbb5fb82020;  alias, 1 drivers
v0x7fbb5fb5c7f0_0 .net "rt_out", 31 0, L_0x7fbb5ef441a0;  alias, 1 drivers
v0x7fbb5fb5c8a0_0 .net "write_data", 31 0, L_0x7fbb5ef4e130;  alias, 1 drivers
v0x7fbb5fb5c950_0 .net "write_enable", 0 0, L_0x7fbb5fb829a0;  alias, 1 drivers
E_0x7fbb5fb5b2b0 .event posedge, v0x7fbb5fb5c450_0;
L_0x7fbb5ef2d430 .cmp/eq 5, L_0x7fbb5fb82020, L_0x7fbb50068128;
L_0x7fbb5ef2a680 .cmp/eq 5, L_0x7fbb5ef32f90, L_0x7fbb5fb82020;
L_0x7fbb5ef278d0 .cmp/ne 5, L_0x7fbb5ef32f90, L_0x7fbb500681b8;
L_0x7fbb5ef1c210 .array/port v0x7fbb5fb5c5b0, L_0x7fbb5ef166b0;
L_0x7fbb5ef166b0 .concat [ 5 2 0 0], L_0x7fbb5fb82020, L_0x7fbb50068200;
L_0x7fbb5ef13900 .functor MUXZ 32, L_0x7fbb5ef1c210, L_0x7fbb5ef4e130, L_0x7fbb5ef27970, C4<>;
L_0x7fbb5ef441a0 .functor MUXZ 32, L_0x7fbb5ef13900, L_0x7fbb50068170, L_0x7fbb5ef2d430, C4<>;
L_0x7fbb5ef301c0 .cmp/eq 5, L_0x7fbb5fb81ec0, L_0x7fbb50068248;
L_0x7fbb5ef30260 .cmp/eq 5, L_0x7fbb5ef32f90, L_0x7fbb5fb81ec0;
L_0x7fbb5ef24b80 .cmp/ne 5, L_0x7fbb5ef32f90, L_0x7fbb500682d8;
L_0x7fbb5ef10f10 .array/port v0x7fbb5fb5c5b0, L_0x7fbb5ef10fb0;
L_0x7fbb5ef10fb0 .concat [ 5 2 0 0], L_0x7fbb5fb81ec0, L_0x7fbb50068320;
L_0x7fbb5ef0e1e0 .functor MUXZ 32, L_0x7fbb5ef10f10, L_0x7fbb5ef4e130, L_0x7fbb5ef19480, C4<>;
L_0x7fbb5ef08600 .functor MUXZ 32, L_0x7fbb5ef0e1e0, L_0x7fbb50068290, L_0x7fbb5ef301c0, C4<>;
S_0x7fbb5fb5cbe0 .scope module, "u_alu" "alu32" 3 101, 7 1 0, S_0x7fbb5fb3d910;
 .timescale 0 0;
    .port_info 0 /INPUT 32 "A";
    .port_info 1 /INPUT 32 "B";
    .port_info 2 /INPUT 3 "S";
    .port_info 3 /OUTPUT 32 "F";
    .port_info 4 /OUTPUT 1 "Z";
L_0x7fbb5ef0ae40 .functor BUFZ 1, L_0x7fbb5ef0dbd0, C4<0>, C4<0>, C4<0>;
v0x7fbb5fb7caa0_0 .net "A", 31 0, L_0x7fbb5ef41800;  alias, 1 drivers
v0x7fbb5fb7cb40_0 .net "B", 31 0, L_0x7fbb5ef43fb0;  alias, 1 drivers
v0x7fbb5fb7cbe0_0 .var "CI0", 0 0;
v0x7fbb5fb7ccb0_0 .var "F", 31 0;
v0x7fbb5fb7cd60_0 .net "S", 2 0, L_0x7fbb5ef13cc0;  alias, 1 drivers
v0x7fbb5fb7ce30_0 .net "S0", 0 0, L_0x7fbb5ef0ada0;  1 drivers
v0x7fbb5fb7cec0_0 .net "S1", 0 0, L_0x7fbb5ef0dbd0;  1 drivers
v0x7fbb5fb7cf50_0 .net "S2", 0 0, L_0x7fbb5ef10980;  1 drivers
v0x7fbb5fb7cff0_0 .var "X", 31 0;
v0x7fbb5fb7d120_0 .var "Y", 31 0;
v0x7fbb5fb7d1b0_0 .var "Z", 0 0;
v0x7fbb5fb7d240_0 .net "chain_en", 0 0, L_0x7fbb5ef0ae40;  1 drivers
v0x7fbb5fb7d2d0_0 .net "rca_CO", 31 0, L_0x7fbb5ef4eab0;  1 drivers
v0x7fbb5fb7d380_0 .net "rca_F", 31 0, L_0x7fbb5ef4d1a0;  1 drivers
E_0x7fbb5fb5ce20 .event anyedge, v0x7fbb5fb44990_0;
E_0x7fbb5fb5ce80/0 .event anyedge, v0x7fbb5fb7cf50_0, v0x7fbb5fb7cec0_0, v0x7fbb5fb7ce30_0, v0x7fbb5fb7c530_0;
E_0x7fbb5fb5ce80/1 .event anyedge, v0x7fbb5fb7c5c0_0;
E_0x7fbb5fb5ce80 .event/or E_0x7fbb5fb5ce80/0, E_0x7fbb5fb5ce80/1;
E_0x7fbb5fb5cef0/0 .event anyedge, v0x7fbb5fb7cf50_0, v0x7fbb5fb7cec0_0, v0x7fbb5fb7ce30_0, v0x7fbb5fb7caa0_0;
E_0x7fbb5fb5cef0/1 .event anyedge, v0x7fbb5fb5a920_0;
E_0x7fbb5fb5cef0 .event/or E_0x7fbb5fb5cef0/0, E_0x7fbb5fb5cef0/1;
L_0x7fbb5ef10980 .part L_0x7fbb5ef13cc0, 2, 1;
L_0x7fbb5ef0dbd0 .part L_0x7fbb5ef13cc0, 1, 1;
L_0x7fbb5ef0ada0 .part L_0x7fbb5ef13cc0, 0, 1;
S_0x7fbb5fb5cf60 .scope module, "u_rca" "rca32" 7 19, 8 1 0, S_0x7fbb5fb5cbe0;
 .timescale 0 0;
    .port_info 0 /INPUT 32 "X";
    .port_info 1 /INPUT 32 "Y";
    .port_info 2 /INPUT 1 "CI0";
    .port_info 3 /INPUT 1 "chain_en";
    .port_info 4 /OUTPUT 32 "F";
    .port_info 5 /OUTPUT 32 "CO";
L_0x7fbb5ef4e9c0 .functor BUFZ 1, v0x7fbb5fb7cbe0_0, C4<0>, C4<0>, C4<0>;
v0x7fbb5fb7c4a0_0 .net "CI0", 0 0, v0x7fbb5fb7cbe0_0;  1 drivers
v0x7fbb5fb7c530_0 .net "CO", 31 0, L_0x7fbb5ef4eab0;  alias, 1 drivers
v0x7fbb5fb7c5c0_0 .net "F", 31 0, L_0x7fbb5ef4d1a0;  alias, 1 drivers
v0x7fbb5fb7c670_0 .net "X", 31 0, v0x7fbb5fb7cff0_0;  1 drivers
v0x7fbb5fb7c720_0 .net "Y", 31 0, v0x7fbb5fb7d120_0;  1 drivers
v0x7fbb5fb7c810_0 .net *"_ivl_229", 0 0, L_0x7fbb5ef4e9c0;  1 drivers
v0x7fbb5fb7c8c0_0 .net "carry", 32 0, L_0x7fbb5ef44e70;  1 drivers
v0x7fbb5fb7c970_0 .net "chain_en", 0 0, L_0x7fbb5ef0ae40;  alias, 1 drivers
L_0x7fbb5ef388a0 .part v0x7fbb5fb7cff0_0, 0, 1;
L_0x7fbb5ef35af0 .part v0x7fbb5fb7d120_0, 0, 1;
L_0x7fbb5ef32d40 .part L_0x7fbb5ef44e70, 0, 1;
L_0x7fbb5ef27680 .part v0x7fbb5fb7cff0_0, 1, 1;
L_0x7fbb5ef248d0 .part v0x7fbb5fb7d120_0, 1, 1;
L_0x7fbb5ef21b20 .part L_0x7fbb5ef44e70, 1, 1;
L_0x7fbb5ef136b0 .part v0x7fbb5fb7cff0_0, 2, 1;
L_0x7fbb5ef21da0 .part v0x7fbb5fb7d120_0, 2, 1;
L_0x7fbb5ef423c0 .part L_0x7fbb5ef44e70, 2, 1;
L_0x7fbb5ef41c30 .part v0x7fbb5fb7cff0_0, 3, 1;
L_0x7fbb5ef41cd0 .part v0x7fbb5fb7d120_0, 3, 1;
L_0x7fbb5ef3da40 .part L_0x7fbb5ef44e70, 3, 1;
L_0x7fbb5ef3c150 .part v0x7fbb5fb7cff0_0, 4, 1;
L_0x7fbb5ef37ee0 .part v0x7fbb5fb7d120_0, 4, 1;
L_0x7fbb5ef37f80 .part L_0x7fbb5ef44e70, 4, 1;
L_0x7fbb5ef311a0 .part v0x7fbb5fb7cff0_0, 5, 1;
L_0x7fbb5ef32380 .part v0x7fbb5fb7d120_0, 5, 1;
L_0x7fbb5ef33850 .part L_0x7fbb5ef44e70, 5, 1;
L_0x7fbb5ef2b680 .part v0x7fbb5fb7cff0_0, 6, 1;
L_0x7fbb5ef2dd00 .part v0x7fbb5fb7d120_0, 6, 1;
L_0x7fbb5ef29a70 .part L_0x7fbb5ef44e70, 6, 1;
L_0x7fbb5ef28100 .part v0x7fbb5fb7cff0_0, 7, 1;
L_0x7fbb5ef22d30 .part v0x7fbb5fb7d120_0, 7, 1;
L_0x7fbb5ef23fd0 .part L_0x7fbb5ef44e70, 7, 1;
L_0x7fbb5ef22650 .part v0x7fbb5fb7cff0_0, 8, 1;
L_0x7fbb5ef1e3b0 .part v0x7fbb5fb7d120_0, 8, 1;
L_0x7fbb5ef23f10 .part L_0x7fbb5ef44e70, 8, 1;
L_0x7fbb5ef17670 .part v0x7fbb5fb7cff0_0, 9, 1;
L_0x7fbb5ef18850 .part v0x7fbb5fb7d120_0, 9, 1;
L_0x7fbb5ef148c0 .part L_0x7fbb5ef44e70, 9, 1;
L_0x7fbb5ef11bc0 .part v0x7fbb5fb7cff0_0, 10, 1;
L_0x7fbb5ef12d70 .part v0x7fbb5fb7d120_0, 10, 1;
L_0x7fbb5ef19c90 .part L_0x7fbb5ef44e70, 10, 1;
L_0x7fbb5ef0d190 .part v0x7fbb5fb7cff0_0, 11, 1;
L_0x7fbb5ef0e5d0 .part v0x7fbb5fb7d120_0, 11, 1;
L_0x7fbb5ef09200 .part L_0x7fbb5ef44e70, 11, 1;
L_0x7fbb5ef076e0 .part v0x7fbb5fb7cff0_0, 12, 1;
L_0x7fbb5ef08af0 .part v0x7fbb5fb7d120_0, 12, 1;
L_0x7fbb5ef141b0 .part L_0x7fbb5ef44e70, 12, 1;
L_0x7fbb5ef38540 .part v0x7fbb5fb7cff0_0, 13, 1;
L_0x7fbb5ef35790 .part v0x7fbb5fb7d120_0, 13, 1;
L_0x7fbb5ef05ca0 .part L_0x7fbb5ef44e70, 13, 1;
L_0x7fbb5ef273d0 .part v0x7fbb5fb7cff0_0, 14, 1;
L_0x7fbb5ef2c820 .part v0x7fbb5fb7d120_0, 14, 1;
L_0x7fbb5ef28890 .part L_0x7fbb5ef44e70, 14, 1;
L_0x7fbb5ef18eb0 .part v0x7fbb5fb7cff0_0, 15, 1;
L_0x7fbb5ef18f50 .part v0x7fbb5fb7d120_0, 15, 1;
L_0x7fbb5ef16180 .part L_0x7fbb5ef44e70, 15, 1;
L_0x7fbb5ef0aa80 .part v0x7fbb5fb7cff0_0, 16, 1;
L_0x7fbb5ef1ea10 .part v0x7fbb5fb7d120_0, 16, 1;
L_0x7fbb5ef07c90 .part L_0x7fbb5ef44e70, 16, 1;
L_0x7fbb5ef45610 .part v0x7fbb5fb7cff0_0, 17, 1;
L_0x7fbb5ef45730 .part v0x7fbb5fb7d120_0, 17, 1;
L_0x7fbb5ef44fd0 .part L_0x7fbb5ef44e70, 17, 1;
L_0x7fbb5ef45ee0 .part v0x7fbb5fb7cff0_0, 18, 1;
L_0x7fbb5ef45850 .part v0x7fbb5fb7d120_0, 18, 1;
L_0x7fbb5ef461c0 .part L_0x7fbb5ef44e70, 18, 1;
L_0x7fbb5ef467f0 .part v0x7fbb5fb7cff0_0, 19, 1;
L_0x7fbb5ef46910 .part v0x7fbb5fb7d120_0, 19, 1;
L_0x7fbb5ef46a30 .part L_0x7fbb5ef44e70, 19, 1;
L_0x7fbb5ef470d0 .part v0x7fbb5fb7cff0_0, 20, 1;
L_0x7fbb5ef46260 .part v0x7fbb5fb7d120_0, 20, 1;
L_0x7fbb5ef46380 .part L_0x7fbb5ef44e70, 20, 1;
L_0x7fbb5ef479b0 .part v0x7fbb5fb7cff0_0, 21, 1;
L_0x7fbb5ef47ad0 .part v0x7fbb5fb7d120_0, 21, 1;
L_0x7fbb5ef471f0 .part L_0x7fbb5ef44e70, 21, 1;
L_0x7fbb5ef48270 .part v0x7fbb5fb7cff0_0, 22, 1;
L_0x7fbb5ef47bf0 .part v0x7fbb5fb7d120_0, 22, 1;
L_0x7fbb5ef47d10 .part L_0x7fbb5ef44e70, 22, 1;
L_0x7fbb5ef48b40 .part v0x7fbb5fb7cff0_0, 23, 1;
L_0x7fbb5ef48c60 .part v0x7fbb5fb7d120_0, 23, 1;
L_0x7fbb5ef48390 .part L_0x7fbb5ef44e70, 23, 1;
L_0x7fbb5ef49430 .part v0x7fbb5fb7cff0_0, 24, 1;
L_0x7fbb5ef48d80 .part v0x7fbb5fb7d120_0, 24, 1;
L_0x7fbb5ef48ea0 .part L_0x7fbb5ef44e70, 24, 1;
L_0x7fbb5ef49e50 .part v0x7fbb5fb7cff0_0, 25, 1;
L_0x7fbb5ef49f70 .part v0x7fbb5fb7d120_0, 25, 1;
L_0x7fbb5ef49550 .part L_0x7fbb5ef44e70, 25, 1;
L_0x7fbb5ef4a850 .part v0x7fbb5fb7cff0_0, 26, 1;
L_0x7fbb5ef4a090 .part v0x7fbb5fb7d120_0, 26, 1;
L_0x7fbb5ef4a1b0 .part L_0x7fbb5ef44e70, 26, 1;
L_0x7fbb5ef4b260 .part v0x7fbb5fb7cff0_0, 27, 1;
L_0x7fbb5ef4b380 .part v0x7fbb5fb7d120_0, 27, 1;
L_0x7fbb5ef4a970 .part L_0x7fbb5ef44e70, 27, 1;
L_0x7fbb5ef4bc60 .part v0x7fbb5fb7cff0_0, 28, 1;
L_0x7fbb5ef4b4a0 .part v0x7fbb5fb7d120_0, 28, 1;
L_0x7fbb5ef4b5c0 .part L_0x7fbb5ef44e70, 28, 1;
L_0x7fbb5ef4c670 .part v0x7fbb5fb7cff0_0, 29, 1;
L_0x7fbb5ef4c790 .part v0x7fbb5fb7d120_0, 29, 1;
L_0x7fbb5ef4bd80 .part L_0x7fbb5ef44e70, 29, 1;
L_0x7fbb5ef4d080 .part v0x7fbb5fb7cff0_0, 30, 1;
L_0x7fbb5ef44520 .part v0x7fbb5fb7d120_0, 30, 1;
L_0x7fbb5ef44640 .part L_0x7fbb5ef44e70, 30, 1;
L_0x7fbb5ef4d4d0 .part v0x7fbb5fb7cff0_0, 31, 1;
L_0x7fbb5ef4d5f0 .part v0x7fbb5fb7d120_0, 31, 1;
LS_0x7fbb5ef4d1a0_0_0 .concat8 [ 1 1 1 1], L_0x7fbb5ef08060, L_0x7fbb5ef32de0, L_0x7fbb5ef1ede0, L_0x7fbb5ef435a0;
LS_0x7fbb5ef4d1a0_0_4 .concat8 [ 1 1 1 1], L_0x7fbb5ef3eef0, L_0x7fbb5ef39410, L_0x7fbb5ef2e460, L_0x7fbb5ef2c920;
LS_0x7fbb5ef4d1a0_0_8 .concat8 [ 1 1 1 1], L_0x7fbb5ef29b10, L_0x7fbb5ef1f8d0, L_0x7fbb5ef14960, L_0x7fbb5ef0ff40;
LS_0x7fbb5ef4d1a0_0_12 .concat8 [ 1 1 1 1], L_0x7fbb5ef0a450, L_0x7fbb5ef43ce0, L_0x7fbb5ef2fca0, L_0x7fbb5ef2af20;
LS_0x7fbb5ef4d1a0_0_16 .concat8 [ 1 1 1 1], L_0x7fbb5ef13350, L_0x7fbb5ef45170, L_0x7fbb5ef45a00, L_0x7fbb5ef46070;
LS_0x7fbb5ef4d1a0_0_20 .concat8 [ 1 1 1 1], L_0x7fbb5ef46bb0, L_0x7fbb5ef474d0, L_0x7fbb5ef47370, L_0x7fbb5ef486a0;
LS_0x7fbb5ef4d1a0_0_24 .concat8 [ 1 1 1 1], L_0x7fbb5ef48510, L_0x7fbb5ef49820, L_0x7fbb5ef496d0, L_0x7fbb5ef4ac70;
LS_0x7fbb5ef4d1a0_0_28 .concat8 [ 1 1 1 1], L_0x7fbb5ef4aaf0, L_0x7fbb5ef4c040, L_0x7fbb5ef4bf00, L_0x7fbb5ef44950;
LS_0x7fbb5ef4d1a0_1_0 .concat8 [ 4 4 4 4], LS_0x7fbb5ef4d1a0_0_0, LS_0x7fbb5ef4d1a0_0_4, LS_0x7fbb5ef4d1a0_0_8, LS_0x7fbb5ef4d1a0_0_12;
LS_0x7fbb5ef4d1a0_1_4 .concat8 [ 4 4 4 4], LS_0x7fbb5ef4d1a0_0_16, LS_0x7fbb5ef4d1a0_0_20, LS_0x7fbb5ef4d1a0_0_24, LS_0x7fbb5ef4d1a0_0_28;
L_0x7fbb5ef4d1a0 .concat8 [ 16 16 0 0], LS_0x7fbb5ef4d1a0_1_0, LS_0x7fbb5ef4d1a0_1_4;
L_0x7fbb5ef4e090 .part L_0x7fbb5ef44e70, 31, 1;
LS_0x7fbb5ef44e70_0_0 .concat8 [ 1 1 1 1], L_0x7fbb5ef4e9c0, L_0x7fbb5ef3b650, L_0x7fbb5ef2a4b0, L_0x7fbb5ef16460;
LS_0x7fbb5ef44e70_0_4 .concat8 [ 1 1 1 1], L_0x7fbb5ef407f0, L_0x7fbb5ef3ad80, L_0x7fbb5ef365f0, L_0x7fbb5ef30b00;
LS_0x7fbb5ef44e70_0_8 .concat8 [ 1 1 1 1], L_0x7fbb5ef26d40, L_0x7fbb5ef225a0, L_0x7fbb5ef1cac0, L_0x7fbb5ef11b10;
LS_0x7fbb5ef44e70_0_12 .concat8 [ 1 1 1 1], L_0x7fbb5ef0c030, L_0x7fbb5ef07630, L_0x7fbb5ef3b370, L_0x7fbb5ef27320;
LS_0x7fbb5ef44e70_0_16 .concat8 [ 1 1 1 1], L_0x7fbb5ef218b0, L_0x7fbb5ef0d8e0, L_0x7fbb5ef45520, L_0x7fbb5ef45df0;
LS_0x7fbb5ef44e70_0_20 .concat8 [ 1 1 1 1], L_0x7fbb5ef46700, L_0x7fbb5ef46fe0, L_0x7fbb5ef478c0, L_0x7fbb5ef48180;
LS_0x7fbb5ef44e70_0_24 .concat8 [ 1 1 1 1], L_0x7fbb5ef48a50, L_0x7fbb5ef49300, L_0x7fbb5ef49d40, L_0x7fbb5ef4a720;
LS_0x7fbb5ef44e70_0_28 .concat8 [ 1 1 1 1], L_0x7fbb5ef4b150, L_0x7fbb5ef4bb50, L_0x7fbb5ef4c560, L_0x7fbb5ef4cf70;
LS_0x7fbb5ef44e70_0_32 .concat8 [ 1 0 0 0], L_0x7fbb5ef4ca60;
LS_0x7fbb5ef44e70_1_0 .concat8 [ 4 4 4 4], LS_0x7fbb5ef44e70_0_0, LS_0x7fbb5ef44e70_0_4, LS_0x7fbb5ef44e70_0_8, LS_0x7fbb5ef44e70_0_12;
LS_0x7fbb5ef44e70_1_4 .concat8 [ 4 4 4 4], LS_0x7fbb5ef44e70_0_16, LS_0x7fbb5ef44e70_0_20, LS_0x7fbb5ef44e70_0_24, LS_0x7fbb5ef44e70_0_28;
LS_0x7fbb5ef44e70_1_8 .concat8 [ 1 0 0 0], LS_0x7fbb5ef44e70_0_32;
L_0x7fbb5ef44e70 .concat8 [ 16 16 1 0], LS_0x7fbb5ef44e70_1_0, LS_0x7fbb5ef44e70_1_4, LS_0x7fbb5ef44e70_1_8;
L_0x7fbb5ef4eab0 .part L_0x7fbb5ef44e70, 1, 32;
S_0x7fbb5fb5d210 .scope generate, "FA_ARRAY[0]" "FA_ARRAY[0]" 8 14, 8 14 0, S_0x7fbb5fb5cf60;
 .timescale 0 0;
P_0x7fbb5fb5d3f0 .param/l "i" 1 8 14, +C4<00>;
v0x7fbb5fb5e0b0_0 .net "cin_stage", 0 0, L_0x7fbb5ef32d40;  1 drivers
S_0x7fbb5fb5d490 .scope generate, "CIN0" "CIN0" 8 17, 8 17 0, S_0x7fbb5fb5d210;
 .timescale 0 0;
S_0x7fbb5fb5d650 .scope module, "fa_inst" "full_adder" 8 23, 9 1 0, S_0x7fbb5fb5d210;
 .timescale 0 0;
    .port_info 0 /INPUT 1 "X";
    .port_info 1 /INPUT 1 "Y";
    .port_info 2 /INPUT 1 "CIn";
    .port_info 3 /OUTPUT 1 "F";
    .port_info 4 /OUTPUT 1 "CO";
L_0x7fbb5ef07ff0 .functor XOR 1, L_0x7fbb5ef388a0, L_0x7fbb5ef35af0, C4<0>, C4<0>;
L_0x7fbb5ef08060 .functor XOR 1, L_0x7fbb5ef07ff0, L_0x7fbb5ef32d40, C4<0>, C4<0>;
L_0x7fbb5ef080d0 .functor AND 1, L_0x7fbb5ef388a0, L_0x7fbb5ef35af0, C4<1>, C4<1>;
L_0x7fbb5ef411f0 .functor AND 1, L_0x7fbb5ef35af0, L_0x7fbb5ef32d40, C4<1>, C4<1>;
L_0x7fbb5ef41260 .functor OR 1, L_0x7fbb5ef080d0, L_0x7fbb5ef411f0, C4<0>, C4<0>;
L_0x7fbb5ef3e440 .functor AND 1, L_0x7fbb5ef388a0, L_0x7fbb5ef32d40, C4<1>, C4<1>;
L_0x7fbb5ef3b650 .functor OR 1, L_0x7fbb5ef41260, L_0x7fbb5ef3e440, C4<0>, C4<0>;
v0x7fbb5fb5d8f0_0 .net "CIn", 0 0, L_0x7fbb5ef32d40;  alias, 1 drivers
v0x7fbb5fb5d990_0 .net "CO", 0 0, L_0x7fbb5ef3b650;  1 drivers
v0x7fbb5fb5da30_0 .net "F", 0 0, L_0x7fbb5ef08060;  1 drivers
v0x7fbb5fb5dae0_0 .net "X", 0 0, L_0x7fbb5ef388a0;  1 drivers
v0x7fbb5fb5db80_0 .net "Y", 0 0, L_0x7fbb5ef35af0;  1 drivers
v0x7fbb5fb5dc60_0 .net *"_ivl_0", 0 0, L_0x7fbb5ef07ff0;  1 drivers
v0x7fbb5fb5dd10_0 .net *"_ivl_10", 0 0, L_0x7fbb5ef3e440;  1 drivers
v0x7fbb5fb5ddc0_0 .net *"_ivl_4", 0 0, L_0x7fbb5ef080d0;  1 drivers
v0x7fbb5fb5de70_0 .net *"_ivl_6", 0 0, L_0x7fbb5ef411f0;  1 drivers
v0x7fbb5fb5df80_0 .net *"_ivl_8", 0 0, L_0x7fbb5ef41260;  1 drivers
S_0x7fbb5fb5e140 .scope generate, "FA_ARRAY[1]" "FA_ARRAY[1]" 8 14, 8 14 0, S_0x7fbb5fb5cf60;
 .timescale 0 0;
P_0x7fbb5fb5e300 .param/l "i" 1 8 14, +C4<01>;
v0x7fbb5fb5f040_0 .net "cin_stage", 0 0, L_0x7fbb5ef21bc0;  1 drivers
S_0x7fbb5fb5e380 .scope generate, "CINn" "CINn" 8 17, 8 17 0, S_0x7fbb5fb5e140;
 .timescale 0 0;
L_0x7fbb5ef21bc0 .functor AND 1, L_0x7fbb5ef21b20, L_0x7fbb5ef0ae40, C4<1>, C4<1>;
v0x7fbb5fb5e540_0 .net *"_ivl_0", 0 0, L_0x7fbb5ef21b20;  1 drivers
S_0x7fbb5fb5e5e0 .scope module, "fa_inst" "full_adder" 8 23, 9 1 0, S_0x7fbb5fb5e140;
 .timescale 0 0;
    .port_info 0 /INPUT 1 "X";
    .port_info 1 /INPUT 1 "Y";
    .port_info 2 /INPUT 1 "CIn";
    .port_info 3 /OUTPUT 1 "F";
    .port_info 4 /OUTPUT 1 "CO";
L_0x7fbb5ef3b740 .functor XOR 1, L_0x7fbb5ef27680, L_0x7fbb5ef248d0, C4<0>, C4<0>;
L_0x7fbb5ef32de0 .functor XOR 1, L_0x7fbb5ef3b740, L_0x7fbb5ef21bc0, C4<0>, C4<0>;
L_0x7fbb5ef2ff90 .functor AND 1, L_0x7fbb5ef27680, L_0x7fbb5ef248d0, C4<1>, C4<1>;
L_0x7fbb5ef30040 .functor AND 1, L_0x7fbb5ef248d0, L_0x7fbb5ef21bc0, C4<1>, C4<1>;
L_0x7fbb5ef2d1e0 .functor OR 1, L_0x7fbb5ef2ff90, L_0x7fbb5ef30040, C4<0>, C4<0>;
L_0x7fbb5ef2d290 .functor AND 1, L_0x7fbb5ef27680, L_0x7fbb5ef21bc0, C4<1>, C4<1>;
L_0x7fbb5ef2a4b0 .functor OR 1, L_0x7fbb5ef2d1e0, L_0x7fbb5ef2d290, C4<0>, C4<0>;
v0x7fbb5fb5e880_0 .net "CIn", 0 0, L_0x7fbb5ef21bc0;  alias, 1 drivers
v0x7fbb5fb5e920_0 .net "CO", 0 0, L_0x7fbb5ef2a4b0;  1 drivers
v0x7fbb5fb5e9c0_0 .net "F", 0 0, L_0x7fbb5ef32de0;  1 drivers
v0x7fbb5fb5ea70_0 .net "X", 0 0, L_0x7fbb5ef27680;  1 drivers
v0x7fbb5fb5eb10_0 .net "Y", 0 0, L_0x7fbb5ef248d0;  1 drivers
v0x7fbb5fb5ebf0_0 .net *"_ivl_0", 0 0, L_0x7fbb5ef3b740;  1 drivers
v0x7fbb5fb5eca0_0 .net *"_ivl_10", 0 0, L_0x7fbb5ef2d290;  1 drivers
v0x7fbb5fb5ed50_0 .net *"_ivl_4", 0 0, L_0x7fbb5ef2ff90;  1 drivers
v0x7fbb5fb5ee00_0 .net *"_ivl_6", 0 0, L_0x7fbb5ef30040;  1 drivers
v0x7fbb5fb5ef10_0 .net *"_ivl_8", 0 0, L_0x7fbb5ef2d1e0;  1 drivers
S_0x7fbb5fb5f0d0 .scope generate, "FA_ARRAY[2]" "FA_ARRAY[2]" 8 14, 8 14 0, S_0x7fbb5fb5cf60;
 .timescale 0 0;
P_0x7fbb5fb5f290 .param/l "i" 1 8 14, +C4<010>;
v0x7fbb5fb5ffe0_0 .net "cin_stage", 0 0, L_0x7fbb5ef1f070;  1 drivers
S_0x7fbb5fb5f310 .scope generate, "CINn" "CINn" 8 17, 8 17 0, S_0x7fbb5fb5f0d0;
 .timescale 0 0;
L_0x7fbb5ef1f070 .functor AND 1, L_0x7fbb5ef423c0, L_0x7fbb5ef0ae40, C4<1>, C4<1>;
v0x7fbb5fb5f4d0_0 .net *"_ivl_0", 0 0, L_0x7fbb5ef423c0;  1 drivers
S_0x7fbb5fb5f580 .scope module, "fa_inst" "full_adder" 8 23, 9 1 0, S_0x7fbb5fb5f0d0;
 .timescale 0 0;
    .port_info 0 /INPUT 1 "X";
    .port_info 1 /INPUT 1 "Y";
    .port_info 2 /INPUT 1 "CIn";
    .port_info 3 /OUTPUT 1 "F";
    .port_info 4 /OUTPUT 1 "CO";
L_0x7fbb5ef1ed70 .functor XOR 1, L_0x7fbb5ef136b0, L_0x7fbb5ef21da0, C4<0>, C4<0>;
L_0x7fbb5ef1ede0 .functor XOR 1, L_0x7fbb5ef1ed70, L_0x7fbb5ef1f070, C4<0>, C4<0>;
L_0x7fbb5ef1ee50 .functor AND 1, L_0x7fbb5ef136b0, L_0x7fbb5ef21da0, C4<1>, C4<1>;
L_0x7fbb5ef1c000 .functor AND 1, L_0x7fbb5ef21da0, L_0x7fbb5ef1f070, C4<1>, C4<1>;
L_0x7fbb5ef1c070 .functor OR 1, L_0x7fbb5ef1ee50, L_0x7fbb5ef1c000, C4<0>, C4<0>;
L_0x7fbb5ef19250 .functor AND 1, L_0x7fbb5ef136b0, L_0x7fbb5ef1f070, C4<1>, C4<1>;
L_0x7fbb5ef16460 .functor OR 1, L_0x7fbb5ef1c070, L_0x7fbb5ef19250, C4<0>, C4<0>;
v0x7fbb5fb5f820_0 .net "CIn", 0 0, L_0x7fbb5ef1f070;  alias, 1 drivers
v0x7fbb5fb5f8c0_0 .net "CO", 0 0, L_0x7fbb5ef16460;  1 drivers
v0x7fbb5fb5f960_0 .net "F", 0 0, L_0x7fbb5ef1ede0;  1 drivers
v0x7fbb5fb5fa10_0 .net "X", 0 0, L_0x7fbb5ef136b0;  1 drivers
v0x7fbb5fb5fab0_0 .net "Y", 0 0, L_0x7fbb5ef21da0;  1 drivers
v0x7fbb5fb5fb90_0 .net *"_ivl_0", 0 0, L_0x7fbb5ef1ed70;  1 drivers
v0x7fbb5fb5fc40_0 .net *"_ivl_10", 0 0, L_0x7fbb5ef19250;  1 drivers
v0x7fbb5fb5fcf0_0 .net *"_ivl_4", 0 0, L_0x7fbb5ef1ee50;  1 drivers
v0x7fbb5fb5fda0_0 .net *"_ivl_6", 0 0, L_0x7fbb5ef1c000;  1 drivers
v0x7fbb5fb5feb0_0 .net *"_ivl_8", 0 0, L_0x7fbb5ef1c070;  1 drivers
S_0x7fbb5fb60070 .scope generate, "FA_ARRAY[3]" "FA_ARRAY[3]" 8 14, 8 14 0, S_0x7fbb5fb5cf60;
 .timescale 0 0;
P_0x7fbb5fb60230 .param/l "i" 1 8 14, +C4<011>;
v0x7fbb5fb60f70_0 .net "cin_stage", 0 0, L_0x7fbb5ef3dae0;  1 drivers
S_0x7fbb5fb602b0 .scope generate, "CINn" "CINn" 8 17, 8 17 0, S_0x7fbb5fb60070;
 .timescale 0 0;
L_0x7fbb5ef3dae0 .functor AND 1, L_0x7fbb5ef3da40, L_0x7fbb5ef0ae40, C4<1>, C4<1>;
v0x7fbb5fb60470_0 .net *"_ivl_0", 0 0, L_0x7fbb5ef3da40;  1 drivers
S_0x7fbb5fb60510 .scope module, "fa_inst" "full_adder" 8 23, 9 1 0, S_0x7fbb5fb60070;
 .timescale 0 0;
    .port_info 0 /INPUT 1 "X";
    .port_info 1 /INPUT 1 "Y";
    .port_info 2 /INPUT 1 "CIn";
    .port_info 3 /OUTPUT 1 "F";
    .port_info 4 /OUTPUT 1 "CO";
L_0x7fbb5ef16550 .functor XOR 1, L_0x7fbb5ef41c30, L_0x7fbb5ef41cd0, C4<0>, C4<0>;
L_0x7fbb5ef435a0 .functor XOR 1, L_0x7fbb5ef16550, L_0x7fbb5ef3dae0, C4<0>, C4<0>;
L_0x7fbb5ef43610 .functor AND 1, L_0x7fbb5ef41c30, L_0x7fbb5ef41cd0, C4<1>, C4<1>;
L_0x7fbb5ef43680 .functor AND 1, L_0x7fbb5ef41cd0, L_0x7fbb5ef3dae0, C4<1>, C4<1>;
L_0x7fbb5ef3f610 .functor OR 1, L_0x7fbb5ef43610, L_0x7fbb5ef43680, C4<0>, C4<0>;
L_0x7fbb5ef3f680 .functor AND 1, L_0x7fbb5ef41c30, L_0x7fbb5ef3dae0, C4<1>, C4<1>;
L_0x7fbb5ef407f0 .functor OR 1, L_0x7fbb5ef3f610, L_0x7fbb5ef3f680, C4<0>, C4<0>;
v0x7fbb5fb607b0_0 .net "CIn", 0 0, L_0x7fbb5ef3dae0;  alias, 1 drivers
v0x7fbb5fb60850_0 .net "CO", 0 0, L_0x7fbb5ef407f0;  1 drivers
v0x7fbb5fb608f0_0 .net "F", 0 0, L_0x7fbb5ef435a0;  1 drivers
v0x7fbb5fb609a0_0 .net "X", 0 0, L_0x7fbb5ef41c30;  1 drivers
v0x7fbb5fb60a40_0 .net "Y", 0 0, L_0x7fbb5ef41cd0;  1 drivers
v0x7fbb5fb60b20_0 .net *"_ivl_0", 0 0, L_0x7fbb5ef16550;  1 drivers
v0x7fbb5fb60bd0_0 .net *"_ivl_10", 0 0, L_0x7fbb5ef3f680;  1 drivers
v0x7fbb5fb60c80_0 .net *"_ivl_4", 0 0, L_0x7fbb5ef43610;  1 drivers
v0x7fbb5fb60d30_0 .net *"_ivl_6", 0 0, L_0x7fbb5ef43680;  1 drivers
v0x7fbb5fb60e40_0 .net *"_ivl_8", 0 0, L_0x7fbb5ef3f610;  1 drivers
S_0x7fbb5fb61000 .scope generate, "FA_ARRAY[4]" "FA_ARRAY[4]" 8 14, 8 14 0, S_0x7fbb5fb5cf60;
 .timescale 0 0;
P_0x7fbb5fb61200 .param/l "i" 1 8 14, +C4<0100>;
v0x7fbb5fb61f20_0 .net "cin_stage", 0 0, L_0x7fbb5ef36d80;  1 drivers
S_0x7fbb5fb61280 .scope generate, "CINn" "CINn" 8 17, 8 17 0, S_0x7fbb5fb61000;
 .timescale 0 0;
L_0x7fbb5ef36d80 .functor AND 1, L_0x7fbb5ef37f80, L_0x7fbb5ef0ae40, C4<1>, C4<1>;
v0x7fbb5fb61440_0 .net *"_ivl_0", 0 0, L_0x7fbb5ef37f80;  1 drivers
S_0x7fbb5fb614d0 .scope module, "fa_inst" "full_adder" 8 23, 9 1 0, S_0x7fbb5fb61000;
 .timescale 0 0;
    .port_info 0 /INPUT 1 "X";
    .port_info 1 /INPUT 1 "Y";
    .port_info 2 /INPUT 1 "CIn";
    .port_info 3 /OUTPUT 1 "F";
    .port_info 4 /OUTPUT 1 "CO";
L_0x7fbb5ef3ee80 .functor XOR 1, L_0x7fbb5ef3c150, L_0x7fbb5ef37ee0, C4<0>, C4<0>;
L_0x7fbb5ef3eef0 .functor XOR 1, L_0x7fbb5ef3ee80, L_0x7fbb5ef36d80, C4<0>, C4<0>;
L_0x7fbb5ef3ef60 .functor AND 1, L_0x7fbb5ef3c150, L_0x7fbb5ef37ee0, C4<1>, C4<1>;
L_0x7fbb5ef39ab0 .functor AND 1, L_0x7fbb5ef37ee0, L_0x7fbb5ef36d80, C4<1>, C4<1>;
L_0x7fbb5ef39b20 .functor OR 1, L_0x7fbb5ef3ef60, L_0x7fbb5ef39ab0, C4<0>, C4<0>;
L_0x7fbb5ef3ac90 .functor AND 1, L_0x7fbb5ef3c150, L_0x7fbb5ef36d80, C4<1>, C4<1>;
L_0x7fbb5ef3ad80 .functor OR 1, L_0x7fbb5ef39b20, L_0x7fbb5ef3ac90, C4<0>, C4<0>;
v0x7fbb5fb61760_0 .net "CIn", 0 0, L_0x7fbb5ef36d80;  alias, 1 drivers
v0x7fbb5fb61800_0 .net "CO", 0 0, L_0x7fbb5ef3ad80;  1 drivers
v0x7fbb5fb618a0_0 .net "F", 0 0, L_0x7fbb5ef3eef0;  1 drivers
v0x7fbb5fb61950_0 .net "X", 0 0, L_0x7fbb5ef3c150;  1 drivers
v0x7fbb5fb619f0_0 .net "Y", 0 0, L_0x7fbb5ef37ee0;  1 drivers
v0x7fbb5fb61ad0_0 .net *"_ivl_0", 0 0, L_0x7fbb5ef3ee80;  1 drivers
v0x7fbb5fb61b80_0 .net *"_ivl_10", 0 0, L_0x7fbb5ef3ac90;  1 drivers
v0x7fbb5fb61c30_0 .net *"_ivl_4", 0 0, L_0x7fbb5ef3ef60;  1 drivers
v0x7fbb5fb61ce0_0 .net *"_ivl_6", 0 0, L_0x7fbb5ef39ab0;  1 drivers
v0x7fbb5fb61df0_0 .net *"_ivl_8", 0 0, L_0x7fbb5ef39b20;  1 drivers
S_0x7fbb5fb61fb0 .scope generate, "FA_ARRAY[5]" "FA_ARRAY[5]" 8 14, 8 14 0, S_0x7fbb5fb5cf60;
 .timescale 0 0;
P_0x7fbb5fb62170 .param/l "i" 1 8 14, +C4<0101>;
v0x7fbb5fb62eb0_0 .net "cin_stage", 0 0, L_0x7fbb5ef2e3f0;  1 drivers
S_0x7fbb5fb621f0 .scope generate, "CINn" "CINn" 8 17, 8 17 0, S_0x7fbb5fb61fb0;
 .timescale 0 0;
L_0x7fbb5ef2e3f0 .functor AND 1, L_0x7fbb5ef33850, L_0x7fbb5ef0ae40, C4<1>, C4<1>;
v0x7fbb5fb623b0_0 .net *"_ivl_0", 0 0, L_0x7fbb5ef33850;  1 drivers
S_0x7fbb5fb62450 .scope module, "fa_inst" "full_adder" 8 23, 9 1 0, S_0x7fbb5fb61fb0;
 .timescale 0 0;
    .port_info 0 /INPUT 1 "X";
    .port_info 1 /INPUT 1 "Y";
    .port_info 2 /INPUT 1 "CIn";
    .port_info 3 /OUTPUT 1 "F";
    .port_info 4 /OUTPUT 1 "CO";
L_0x7fbb5ef393a0 .functor XOR 1, L_0x7fbb5ef311a0, L_0x7fbb5ef32380, C4<0>, C4<0>;
L_0x7fbb5ef39410 .functor XOR 1, L_0x7fbb5ef393a0, L_0x7fbb5ef2e3f0, C4<0>, C4<0>;
L_0x7fbb5ef33f50 .functor AND 1, L_0x7fbb5ef311a0, L_0x7fbb5ef32380, C4<1>, C4<1>;
L_0x7fbb5ef34000 .functor AND 1, L_0x7fbb5ef32380, L_0x7fbb5ef2e3f0, C4<1>, C4<1>;
L_0x7fbb5ef35130 .functor OR 1, L_0x7fbb5ef33f50, L_0x7fbb5ef34000, C4<0>, C4<0>;
L_0x7fbb5ef351e0 .functor AND 1, L_0x7fbb5ef311a0, L_0x7fbb5ef2e3f0, C4<1>, C4<1>;
L_0x7fbb5ef365f0 .functor OR 1, L_0x7fbb5ef35130, L_0x7fbb5ef351e0, C4<0>, C4<0>;
v0x7fbb5fb626f0_0 .net "CIn", 0 0, L_0x7fbb5ef2e3f0;  alias, 1 drivers
v0x7fbb5fb62790_0 .net "CO", 0 0, L_0x7fbb5ef365f0;  1 drivers
v0x7fbb5fb62830_0 .net "F", 0 0, L_0x7fbb5ef39410;  1 drivers
v0x7fbb5fb628e0_0 .net "X", 0 0, L_0x7fbb5ef311a0;  1 drivers
v0x7fbb5fb62980_0 .net "Y", 0 0, L_0x7fbb5ef32380;  1 drivers
v0x7fbb5fb62a60_0 .net *"_ivl_0", 0 0, L_0x7fbb5ef393a0;  1 drivers
v0x7fbb5fb62b10_0 .net *"_ivl_10", 0 0, L_0x7fbb5ef351e0;  1 drivers
v0x7fbb5fb62bc0_0 .net *"_ivl_4", 0 0, L_0x7fbb5ef33f50;  1 drivers
v0x7fbb5fb62c70_0 .net *"_ivl_6", 0 0, L_0x7fbb5ef34000;  1 drivers
v0x7fbb5fb62d80_0 .net *"_ivl_8", 0 0, L_0x7fbb5ef35130;  1 drivers
S_0x7fbb5fb62f40 .scope generate, "FA_ARRAY[6]" "FA_ARRAY[6]" 8 14, 8 14 0, S_0x7fbb5fb5cf60;
 .timescale 0 0;
P_0x7fbb5fb63100 .param/l "i" 1 8 14, +C4<0110>;
v0x7fbb5fb63e40_0 .net "cin_stage", 0 0, L_0x7fbb5ef28990;  1 drivers
S_0x7fbb5fb63180 .scope generate, "CINn" "CINn" 8 17, 8 17 0, S_0x7fbb5fb62f40;
 .timescale 0 0;
L_0x7fbb5ef28990 .functor AND 1, L_0x7fbb5ef29a70, L_0x7fbb5ef0ae40, C4<1>, C4<1>;
v0x7fbb5fb63340_0 .net *"_ivl_0", 0 0, L_0x7fbb5ef29a70;  1 drivers
S_0x7fbb5fb633e0 .scope module, "fa_inst" "full_adder" 8 23, 9 1 0, S_0x7fbb5fb62f40;
 .timescale 0 0;
    .port_info 0 /INPUT 1 "X";
    .port_info 1 /INPUT 1 "Y";
    .port_info 2 /INPUT 1 "CIn";
    .port_info 3 /OUTPUT 1 "F";
    .port_info 4 /OUTPUT 1 "CO";
L_0x7fbb5ef39320 .functor XOR 1, L_0x7fbb5ef2b680, L_0x7fbb5ef2dd00, C4<0>, C4<0>;
L_0x7fbb5ef2e460 .functor XOR 1, L_0x7fbb5ef39320, L_0x7fbb5ef28990, C4<0>, C4<0>;
L_0x7fbb5ef2e4d0 .functor AND 1, L_0x7fbb5ef2b680, L_0x7fbb5ef2dd00, C4<1>, C4<1>;
L_0x7fbb5ef2f5d0 .functor AND 1, L_0x7fbb5ef2dd00, L_0x7fbb5ef28990, C4<1>, C4<1>;
L_0x7fbb5ef2f640 .functor OR 1, L_0x7fbb5ef2e4d0, L_0x7fbb5ef2f5d0, C4<0>, C4<0>;
L_0x7fbb5ef30a10 .functor AND 1, L_0x7fbb5ef2b680, L_0x7fbb5ef28990, C4<1>, C4<1>;
L_0x7fbb5ef30b00 .functor OR 1, L_0x7fbb5ef2f640, L_0x7fbb5ef30a10, C4<0>, C4<0>;
v0x7fbb5fb63680_0 .net "CIn", 0 0, L_0x7fbb5ef28990;  alias, 1 drivers
v0x7fbb5fb63720_0 .net "CO", 0 0, L_0x7fbb5ef30b00;  1 drivers
v0x7fbb5fb637c0_0 .net "F", 0 0, L_0x7fbb5ef2e460;  1 drivers
v0x7fbb5fb63870_0 .net "X", 0 0, L_0x7fbb5ef2b680;  1 drivers
v0x7fbb5fb63910_0 .net "Y", 0 0, L_0x7fbb5ef2dd00;  1 drivers
v0x7fbb5fb639f0_0 .net *"_ivl_0", 0 0, L_0x7fbb5ef39320;  1 drivers
v0x7fbb5fb63aa0_0 .net *"_ivl_10", 0 0, L_0x7fbb5ef30a10;  1 drivers
v0x7fbb5fb63b50_0 .net *"_ivl_4", 0 0, L_0x7fbb5ef2e4d0;  1 drivers
v0x7fbb5fb63c00_0 .net *"_ivl_6", 0 0, L_0x7fbb5ef2f5d0;  1 drivers
v0x7fbb5fb63d10_0 .net *"_ivl_8", 0 0, L_0x7fbb5ef2f640;  1 drivers
S_0x7fbb5fb63ed0 .scope generate, "FA_ARRAY[7]" "FA_ARRAY[7]" 8 14, 8 14 0, S_0x7fbb5fb5cf60;
 .timescale 0 0;
P_0x7fbb5fb64090 .param/l "i" 1 8 14, +C4<0111>;
v0x7fbb5fb64dd0_0 .net "cin_stage", 0 0, L_0x7fbb5ef25450;  1 drivers
S_0x7fbb5fb64110 .scope generate, "CINn" "CINn" 8 17, 8 17 0, S_0x7fbb5fb63ed0;
 .timescale 0 0;
L_0x7fbb5ef25450 .functor AND 1, L_0x7fbb5ef23fd0, L_0x7fbb5ef0ae40, C4<1>, C4<1>;
v0x7fbb5fb642d0_0 .net *"_ivl_0", 0 0, L_0x7fbb5ef23fd0;  1 drivers
S_0x7fbb5fb64370 .scope module, "fa_inst" "full_adder" 8 23, 9 1 0, S_0x7fbb5fb63ed0;
 .timescale 0 0;
    .port_info 0 /INPUT 1 "X";
    .port_info 1 /INPUT 1 "Y";
    .port_info 2 /INPUT 1 "CIn";
    .port_info 3 /OUTPUT 1 "F";
    .port_info 4 /OUTPUT 1 "CO";
L_0x7fbb5ef2afb0 .functor XOR 1, L_0x7fbb5ef28100, L_0x7fbb5ef22d30, C4<0>, C4<0>;
L_0x7fbb5ef2c920 .functor XOR 1, L_0x7fbb5ef2afb0, L_0x7fbb5ef25450, C4<0>, C4<0>;
L_0x7fbb5ef1eff0 .functor AND 1, L_0x7fbb5ef28100, L_0x7fbb5ef22d30, C4<1>, C4<1>;
L_0x7fbb5ef2dc60 .functor AND 1, L_0x7fbb5ef22d30, L_0x7fbb5ef25450, C4<1>, C4<1>;
L_0x7fbb5ef25ae0 .functor OR 1, L_0x7fbb5ef1eff0, L_0x7fbb5ef2dc60, C4<0>, C4<0>;
L_0x7fbb5ef25b90 .functor AND 1, L_0x7fbb5ef28100, L_0x7fbb5ef25450, C4<1>, C4<1>;
L_0x7fbb5ef26d40 .functor OR 1, L_0x7fbb5ef25ae0, L_0x7fbb5ef25b90, C4<0>, C4<0>;
v0x7fbb5fb64610_0 .net "CIn", 0 0, L_0x7fbb5ef25450;  alias, 1 drivers
v0x7fbb5fb646b0_0 .net "CO", 0 0, L_0x7fbb5ef26d40;  1 drivers
v0x7fbb5fb64750_0 .net "F", 0 0, L_0x7fbb5ef2c920;  1 drivers
v0x7fbb5fb64800_0 .net "X", 0 0, L_0x7fbb5ef28100;  1 drivers
v0x7fbb5fb648a0_0 .net "Y", 0 0, L_0x7fbb5ef22d30;  1 drivers
v0x7fbb5fb64980_0 .net *"_ivl_0", 0 0, L_0x7fbb5ef2afb0;  1 drivers
v0x7fbb5fb64a30_0 .net *"_ivl_10", 0 0, L_0x7fbb5ef25b90;  1 drivers
v0x7fbb5fb64ae0_0 .net *"_ivl_4", 0 0, L_0x7fbb5ef1eff0;  1 drivers
v0x7fbb5fb64b90_0 .net *"_ivl_6", 0 0, L_0x7fbb5ef2dc60;  1 drivers
v0x7fbb5fb64ca0_0 .net *"_ivl_8", 0 0, L_0x7fbb5ef25ae0;  1 drivers
S_0x7fbb5fb64e60 .scope generate, "FA_ARRAY[8]" "FA_ARRAY[8]" 8 14, 8 14 0, S_0x7fbb5fb5cf60;
 .timescale 0 0;
P_0x7fbb5fb611c0 .param/l "i" 1 8 14, +C4<01000>;
v0x7fbb5fb65da0_0 .net "cin_stage", 0 0, L_0x7fbb5ef1f7f0;  1 drivers
S_0x7fbb5fb650e0 .scope generate, "CINn" "CINn" 8 17, 8 17 0, S_0x7fbb5fb64e60;
 .timescale 0 0;
L_0x7fbb5ef1f7f0 .functor AND 1, L_0x7fbb5ef23f10, L_0x7fbb5ef0ae40, C4<1>, C4<1>;
v0x7fbb5fb652a0_0 .net *"_ivl_0", 0 0, L_0x7fbb5ef23f10;  1 drivers
S_0x7fbb5fb65360 .scope module, "fa_inst" "full_adder" 8 23, 9 1 0, S_0x7fbb5fb64e60;
 .timescale 0 0;
    .port_info 0 /INPUT 1 "X";
    .port_info 1 /INPUT 1 "Y";
    .port_info 2 /INPUT 1 "CIn";
    .port_info 3 /OUTPUT 1 "F";
    .port_info 4 /OUTPUT 1 "CO";
L_0x7fbb5ef3c940 .functor XOR 1, L_0x7fbb5ef22650, L_0x7fbb5ef1e3b0, C4<0>, C4<0>;
L_0x7fbb5ef29b10 .functor XOR 1, L_0x7fbb5ef3c940, L_0x7fbb5ef1f7f0, C4<0>, C4<0>;
L_0x7fbb5ef1ff80 .functor AND 1, L_0x7fbb5ef22650, L_0x7fbb5ef1e3b0, C4<1>, C4<1>;
L_0x7fbb5ef1fff0 .functor AND 1, L_0x7fbb5ef1e3b0, L_0x7fbb5ef1f7f0, C4<1>, C4<1>;
L_0x7fbb5ef20060 .functor OR 1, L_0x7fbb5ef1ff80, L_0x7fbb5ef1fff0, C4<0>, C4<0>;
L_0x7fbb5ef211a0 .functor AND 1, L_0x7fbb5ef22650, L_0x7fbb5ef1f7f0, C4<1>, C4<1>;
L_0x7fbb5ef225a0 .functor OR 1, L_0x7fbb5ef20060, L_0x7fbb5ef211a0, C4<0>, C4<0>;
v0x7fbb5fb65600_0 .net "CIn", 0 0, L_0x7fbb5ef1f7f0;  alias, 1 drivers
v0x7fbb5fb65690_0 .net "CO", 0 0, L_0x7fbb5ef225a0;  1 drivers
v0x7fbb5fb65720_0 .net "F", 0 0, L_0x7fbb5ef29b10;  1 drivers
v0x7fbb5fb657d0_0 .net "X", 0 0, L_0x7fbb5ef22650;  1 drivers
v0x7fbb5fb65870_0 .net "Y", 0 0, L_0x7fbb5ef1e3b0;  1 drivers
v0x7fbb5fb65950_0 .net *"_ivl_0", 0 0, L_0x7fbb5ef3c940;  1 drivers
v0x7fbb5fb65a00_0 .net *"_ivl_10", 0 0, L_0x7fbb5ef211a0;  1 drivers
v0x7fbb5fb65ab0_0 .net *"_ivl_4", 0 0, L_0x7fbb5ef1ff80;  1 drivers
v0x7fbb5fb65b60_0 .net *"_ivl_6", 0 0, L_0x7fbb5ef1fff0;  1 drivers
v0x7fbb5fb65c70_0 .net *"_ivl_8", 0 0, L_0x7fbb5ef20060;  1 drivers
S_0x7fbb5fb65e30 .scope generate, "FA_ARRAY[9]" "FA_ARRAY[9]" 8 14, 8 14 0, S_0x7fbb5fb5cf60;
 .timescale 0 0;
P_0x7fbb5fb65ff0 .param/l "i" 1 8 14, +C4<01001>;
v0x7fbb5fb66d30_0 .net "cin_stage", 0 0, L_0x7fbb5ef1a490;  1 drivers
S_0x7fbb5fb66070 .scope generate, "CINn" "CINn" 8 17, 8 17 0, S_0x7fbb5fb65e30;
 .timescale 0 0;
L_0x7fbb5ef1a490 .functor AND 1, L_0x7fbb5ef148c0, L_0x7fbb5ef0ae40, C4<1>, C4<1>;
v0x7fbb5fb66230_0 .net *"_ivl_0", 0 0, L_0x7fbb5ef148c0;  1 drivers
S_0x7fbb5fb662f0 .scope module, "fa_inst" "full_adder" 8 23, 9 1 0, S_0x7fbb5fb65e30;
 .timescale 0 0;
    .port_info 0 /INPUT 1 "X";
    .port_info 1 /INPUT 1 "Y";
    .port_info 2 /INPUT 1 "CIn";
    .port_info 3 /OUTPUT 1 "F";
    .port_info 4 /OUTPUT 1 "CO";
L_0x7fbb5ef1f860 .functor XOR 1, L_0x7fbb5ef17670, L_0x7fbb5ef18850, C4<0>, C4<0>;
L_0x7fbb5ef1f8d0 .functor XOR 1, L_0x7fbb5ef1f860, L_0x7fbb5ef1a490, C4<0>, C4<0>;
L_0x7fbb5ef1a420 .functor AND 1, L_0x7fbb5ef17670, L_0x7fbb5ef18850, C4<1>, C4<1>;
L_0x7fbb5ef1a510 .functor AND 1, L_0x7fbb5ef18850, L_0x7fbb5ef1a490, C4<1>, C4<1>;
L_0x7fbb5ef1b600 .functor OR 1, L_0x7fbb5ef1a420, L_0x7fbb5ef1a510, C4<0>, C4<0>;
L_0x7fbb5ef1b6f0 .functor AND 1, L_0x7fbb5ef17670, L_0x7fbb5ef1a490, C4<1>, C4<1>;
L_0x7fbb5ef1cac0 .functor OR 1, L_0x7fbb5ef1b600, L_0x7fbb5ef1b6f0, C4<0>, C4<0>;
v0x7fbb5fb66590_0 .net "CIn", 0 0, L_0x7fbb5ef1a490;  alias, 1 drivers
v0x7fbb5fb66620_0 .net "CO", 0 0, L_0x7fbb5ef1cac0;  1 drivers
v0x7fbb5fb666b0_0 .net "F", 0 0, L_0x7fbb5ef1f8d0;  1 drivers
v0x7fbb5fb66760_0 .net "X", 0 0, L_0x7fbb5ef17670;  1 drivers
v0x7fbb5fb66800_0 .net "Y", 0 0, L_0x7fbb5ef18850;  1 drivers
v0x7fbb5fb668e0_0 .net *"_ivl_0", 0 0, L_0x7fbb5ef1f860;  1 drivers
v0x7fbb5fb66990_0 .net *"_ivl_10", 0 0, L_0x7fbb5ef1b6f0;  1 drivers
v0x7fbb5fb66a40_0 .net *"_ivl_4", 0 0, L_0x7fbb5ef1a420;  1 drivers
v0x7fbb5fb66af0_0 .net *"_ivl_6", 0 0, L_0x7fbb5ef1a510;  1 drivers
v0x7fbb5fb66c00_0 .net *"_ivl_8", 0 0, L_0x7fbb5ef1b600;  1 drivers
S_0x7fbb5fb66dc0 .scope generate, "FA_ARRAY[10]" "FA_ARRAY[10]" 8 14, 8 14 0, S_0x7fbb5fb5cf60;
 .timescale 0 0;
P_0x7fbb5fb66f80 .param/l "i" 1 8 14, +C4<01010>;
v0x7fbb5fb67cc0_0 .net "cin_stage", 0 0, L_0x7fbb5ef0ede0;  1 drivers
S_0x7fbb5fb67000 .scope generate, "CINn" "CINn" 8 17, 8 17 0, S_0x7fbb5fb66dc0;
 .timescale 0 0;
L_0x7fbb5ef0ede0 .functor AND 1, L_0x7fbb5ef19c90, L_0x7fbb5ef0ae40, C4<1>, C4<1>;
v0x7fbb5fb671c0_0 .net *"_ivl_0", 0 0, L_0x7fbb5ef19c90;  1 drivers
S_0x7fbb5fb67280 .scope module, "fa_inst" "full_adder" 8 23, 9 1 0, S_0x7fbb5fb66dc0;
 .timescale 0 0;
    .port_info 0 /INPUT 1 "X";
    .port_info 1 /INPUT 1 "Y";
    .port_info 2 /INPUT 1 "CIn";
    .port_info 3 /OUTPUT 1 "F";
    .port_info 4 /OUTPUT 1 "CO";
L_0x7fbb5ef19d80 .functor XOR 1, L_0x7fbb5ef11bc0, L_0x7fbb5ef12d70, C4<0>, C4<0>;
L_0x7fbb5ef14960 .functor XOR 1, L_0x7fbb5ef19d80, L_0x7fbb5ef0ede0, C4<0>, C4<0>;
L_0x7fbb5ef1d250 .functor AND 1, L_0x7fbb5ef11bc0, L_0x7fbb5ef12d70, C4<1>, C4<1>;
L_0x7fbb5ef15ae0 .functor AND 1, L_0x7fbb5ef12d70, L_0x7fbb5ef0ede0, C4<1>, C4<1>;
L_0x7fbb5ef15b50 .functor OR 1, L_0x7fbb5ef1d250, L_0x7fbb5ef15ae0, C4<0>, C4<0>;
L_0x7fbb5ef16f20 .functor AND 1, L_0x7fbb5ef11bc0, L_0x7fbb5ef0ede0, C4<1>, C4<1>;
L_0x7fbb5ef11b10 .functor OR 1, L_0x7fbb5ef15b50, L_0x7fbb5ef16f20, C4<0>, C4<0>;
v0x7fbb5fb67520_0 .net "CIn", 0 0, L_0x7fbb5ef0ede0;  alias, 1 drivers
v0x7fbb5fb675b0_0 .net "CO", 0 0, L_0x7fbb5ef11b10;  1 drivers
v0x7fbb5fb67640_0 .net "F", 0 0, L_0x7fbb5ef14960;  1 drivers
v0x7fbb5fb676f0_0 .net "X", 0 0, L_0x7fbb5ef11bc0;  1 drivers
v0x7fbb5fb67790_0 .net "Y", 0 0, L_0x7fbb5ef12d70;  1 drivers
v0x7fbb5fb67870_0 .net *"_ivl_0", 0 0, L_0x7fbb5ef19d80;  1 drivers
v0x7fbb5fb67920_0 .net *"_ivl_10", 0 0, L_0x7fbb5ef16f20;  1 drivers
v0x7fbb5fb679d0_0 .net *"_ivl_4", 0 0, L_0x7fbb5ef1d250;  1 drivers
v0x7fbb5fb67a80_0 .net *"_ivl_6", 0 0, L_0x7fbb5ef15ae0;  1 drivers
v0x7fbb5fb67b90_0 .net *"_ivl_8", 0 0, L_0x7fbb5ef15b50;  1 drivers
S_0x7fbb5fb67d50 .scope generate, "FA_ARRAY[11]" "FA_ARRAY[11]" 8 14, 8 14 0, S_0x7fbb5fb5cf60;
 .timescale 0 0;
P_0x7fbb5fb67f10 .param/l "i" 1 8 14, +C4<01011>;
v0x7fbb5fb68c50_0 .net "cin_stage", 0 0, L_0x7fbb5ef092a0;  1 drivers
S_0x7fbb5fb67f90 .scope generate, "CINn" "CINn" 8 17, 8 17 0, S_0x7fbb5fb67d50;
 .timescale 0 0;
L_0x7fbb5ef092a0 .functor AND 1, L_0x7fbb5ef09200, L_0x7fbb5ef0ae40, C4<1>, C4<1>;
v0x7fbb5fb68150_0 .net *"_ivl_0", 0 0, L_0x7fbb5ef09200;  1 drivers
S_0x7fbb5fb68210 .scope module, "fa_inst" "full_adder" 8 23, 9 1 0, S_0x7fbb5fb67d50;
 .timescale 0 0;
    .port_info 0 /INPUT 1 "X";
    .port_info 1 /INPUT 1 "Y";
    .port_info 2 /INPUT 1 "CIn";
    .port_info 3 /OUTPUT 1 "F";
    .port_info 4 /OUTPUT 1 "CO";
L_0x7fbb5ef0ee50 .functor XOR 1, L_0x7fbb5ef0d190, L_0x7fbb5ef0e5d0, C4<0>, C4<0>;
L_0x7fbb5ef0ff40 .functor XOR 1, L_0x7fbb5ef0ee50, L_0x7fbb5ef092a0, C4<0>, C4<0>;
L_0x7fbb5ef0ffb0 .functor AND 1, L_0x7fbb5ef0d190, L_0x7fbb5ef0e5d0, C4<1>, C4<1>;
L_0x7fbb5ef10020 .functor AND 1, L_0x7fbb5ef0e5d0, L_0x7fbb5ef092a0, C4<1>, C4<1>;
L_0x7fbb5ef11380 .functor OR 1, L_0x7fbb5ef0ffb0, L_0x7fbb5ef10020, C4<0>, C4<0>;
L_0x7fbb5ef11470 .functor AND 1, L_0x7fbb5ef0d190, L_0x7fbb5ef092a0, C4<1>, C4<1>;
L_0x7fbb5ef0c030 .functor OR 1, L_0x7fbb5ef11380, L_0x7fbb5ef11470, C4<0>, C4<0>;
v0x7fbb5fb684b0_0 .net "CIn", 0 0, L_0x7fbb5ef092a0;  alias, 1 drivers
v0x7fbb5fb68540_0 .net "CO", 0 0, L_0x7fbb5ef0c030;  1 drivers
v0x7fbb5fb685d0_0 .net "F", 0 0, L_0x7fbb5ef0ff40;  1 drivers
v0x7fbb5fb68680_0 .net "X", 0 0, L_0x7fbb5ef0d190;  1 drivers
v0x7fbb5fb68720_0 .net "Y", 0 0, L_0x7fbb5ef0e5d0;  1 drivers
v0x7fbb5fb68800_0 .net *"_ivl_0", 0 0, L_0x7fbb5ef0ee50;  1 drivers
v0x7fbb5fb688b0_0 .net *"_ivl_10", 0 0, L_0x7fbb5ef11470;  1 drivers
v0x7fbb5fb68960_0 .net *"_ivl_4", 0 0, L_0x7fbb5ef0ffb0;  1 drivers
v0x7fbb5fb68a10_0 .net *"_ivl_6", 0 0, L_0x7fbb5ef10020;  1 drivers
v0x7fbb5fb68b20_0 .net *"_ivl_8", 0 0, L_0x7fbb5ef11380;  1 drivers
S_0x7fbb5fb68ce0 .scope generate, "FA_ARRAY[12]" "FA_ARRAY[12]" 8 14, 8 14 0, S_0x7fbb5fb5cf60;
 .timescale 0 0;
P_0x7fbb5fb68ea0 .param/l "i" 1 8 14, +C4<01100>;
v0x7fbb5fb69be0_0 .net "cin_stage", 0 0, L_0x7fbb5ef43c00;  1 drivers
S_0x7fbb5fb68f20 .scope generate, "CINn" "CINn" 8 17, 8 17 0, S_0x7fbb5fb68ce0;
 .timescale 0 0;
L_0x7fbb5ef43c00 .functor AND 1, L_0x7fbb5ef141b0, L_0x7fbb5ef0ae40, C4<1>, C4<1>;
v0x7fbb5fb690e0_0 .net *"_ivl_0", 0 0, L_0x7fbb5ef141b0;  1 drivers
S_0x7fbb5fb691a0 .scope module, "fa_inst" "full_adder" 8 23, 9 1 0, S_0x7fbb5fb68ce0;
 .timescale 0 0;
    .port_info 0 /INPUT 1 "X";
    .port_info 1 /INPUT 1 "Y";
    .port_info 2 /INPUT 1 "CIn";
    .port_info 3 /OUTPUT 1 "F";
    .port_info 4 /OUTPUT 1 "CO";
L_0x7fbb5ef0a3e0 .functor XOR 1, L_0x7fbb5ef076e0, L_0x7fbb5ef08af0, C4<0>, C4<0>;
L_0x7fbb5ef0a450 .functor XOR 1, L_0x7fbb5ef0a3e0, L_0x7fbb5ef43c00, C4<0>, C4<0>;
L_0x7fbb5ef0a4c0 .functor AND 1, L_0x7fbb5ef076e0, L_0x7fbb5ef08af0, C4<1>, C4<1>;
L_0x7fbb5ef0b860 .functor AND 1, L_0x7fbb5ef08af0, L_0x7fbb5ef43c00, C4<1>, C4<1>;
L_0x7fbb5ef0b8d0 .functor OR 1, L_0x7fbb5ef0a4c0, L_0x7fbb5ef0b860, C4<0>, C4<0>;
L_0x7fbb5ef06490 .functor AND 1, L_0x7fbb5ef076e0, L_0x7fbb5ef43c00, C4<1>, C4<1>;
L_0x7fbb5ef07630 .functor OR 1, L_0x7fbb5ef0b8d0, L_0x7fbb5ef06490, C4<0>, C4<0>;
v0x7fbb5fb69440_0 .net "CIn", 0 0, L_0x7fbb5ef43c00;  alias, 1 drivers
v0x7fbb5fb694d0_0 .net "CO", 0 0, L_0x7fbb5ef07630;  1 drivers
v0x7fbb5fb69560_0 .net "F", 0 0, L_0x7fbb5ef0a450;  1 drivers
v0x7fbb5fb69610_0 .net "X", 0 0, L_0x7fbb5ef076e0;  1 drivers
v0x7fbb5fb696b0_0 .net "Y", 0 0, L_0x7fbb5ef08af0;  1 drivers
v0x7fbb5fb69790_0 .net *"_ivl_0", 0 0, L_0x7fbb5ef0a3e0;  1 drivers
v0x7fbb5fb69840_0 .net *"_ivl_10", 0 0, L_0x7fbb5ef06490;  1 drivers
v0x7fbb5fb698f0_0 .net *"_ivl_4", 0 0, L_0x7fbb5ef0a4c0;  1 drivers
v0x7fbb5fb699a0_0 .net *"_ivl_6", 0 0, L_0x7fbb5ef0b860;  1 drivers
v0x7fbb5fb69ab0_0 .net *"_ivl_8", 0 0, L_0x7fbb5ef0b8d0;  1 drivers
S_0x7fbb5fb69c70 .scope generate, "FA_ARRAY[13]" "FA_ARRAY[13]" 8 14, 8 14 0, S_0x7fbb5fb5cf60;
 .timescale 0 0;
P_0x7fbb5fb69e30 .param/l "i" 1 8 14, +C4<01101>;
v0x7fbb5fb6ab70_0 .net "cin_stage", 0 0, L_0x7fbb5ef05d40;  1 drivers
S_0x7fbb5fb69eb0 .scope generate, "CINn" "CINn" 8 17, 8 17 0, S_0x7fbb5fb69c70;
 .timescale 0 0;
L_0x7fbb5ef05d40 .functor AND 1, L_0x7fbb5ef05ca0, L_0x7fbb5ef0ae40, C4<1>, C4<1>;
v0x7fbb5fb6a070_0 .net *"_ivl_0", 0 0, L_0x7fbb5ef05ca0;  1 drivers
S_0x7fbb5fb6a130 .scope module, "fa_inst" "full_adder" 8 23, 9 1 0, S_0x7fbb5fb69c70;
 .timescale 0 0;
    .port_info 0 /INPUT 1 "X";
    .port_info 1 /INPUT 1 "Y";
    .port_info 2 /INPUT 1 "CIn";
    .port_info 3 /OUTPUT 1 "F";
    .port_info 4 /OUTPUT 1 "CO";
L_0x7fbb5ef43c70 .functor XOR 1, L_0x7fbb5ef38540, L_0x7fbb5ef35790, C4<0>, C4<0>;
L_0x7fbb5ef43ce0 .functor XOR 1, L_0x7fbb5ef43c70, L_0x7fbb5ef05d40, C4<0>, C4<0>;
L_0x7fbb5ef40e50 .functor AND 1, L_0x7fbb5ef38540, L_0x7fbb5ef35790, C4<1>, C4<1>;
L_0x7fbb5ef40f40 .functor AND 1, L_0x7fbb5ef35790, L_0x7fbb5ef05d40, C4<1>, C4<1>;
L_0x7fbb5ef3e0a0 .functor OR 1, L_0x7fbb5ef40e50, L_0x7fbb5ef40f40, C4<0>, C4<0>;
L_0x7fbb5ef3e190 .functor AND 1, L_0x7fbb5ef38540, L_0x7fbb5ef05d40, C4<1>, C4<1>;
L_0x7fbb5ef3b370 .functor OR 1, L_0x7fbb5ef3e0a0, L_0x7fbb5ef3e190, C4<0>, C4<0>;
v0x7fbb5fb6a3d0_0 .net "CIn", 0 0, L_0x7fbb5ef05d40;  alias, 1 drivers
v0x7fbb5fb6a460_0 .net "CO", 0 0, L_0x7fbb5ef3b370;  1 drivers
v0x7fbb5fb6a4f0_0 .net "F", 0 0, L_0x7fbb5ef43ce0;  1 drivers
v0x7fbb5fb6a5a0_0 .net "X", 0 0, L_0x7fbb5ef38540;  1 drivers
v0x7fbb5fb6a640_0 .net "Y", 0 0, L_0x7fbb5ef35790;  1 drivers
v0x7fbb5fb6a720_0 .net *"_ivl_0", 0 0, L_0x7fbb5ef43c70;  1 drivers
v0x7fbb5fb6a7d0_0 .net *"_ivl_10", 0 0, L_0x7fbb5ef3e190;  1 drivers
v0x7fbb5fb6a880_0 .net *"_ivl_4", 0 0, L_0x7fbb5ef40e50;  1 drivers
v0x7fbb5fb6a930_0 .net *"_ivl_6", 0 0, L_0x7fbb5ef40f40;  1 drivers
v0x7fbb5fb6aa40_0 .net *"_ivl_8", 0 0, L_0x7fbb5ef3e0a0;  1 drivers
S_0x7fbb5fb6ac00 .scope generate, "FA_ARRAY[14]" "FA_ARRAY[14]" 8 14, 8 14 0, S_0x7fbb5fb5cf60;
 .timescale 0 0;
P_0x7fbb5fb6adc0 .param/l "i" 1 8 14, +C4<01110>;
v0x7fbb5fb6bb00_0 .net "cin_stage", 0 0, L_0x7fbb5ef24670;  1 drivers
S_0x7fbb5fb6ae40 .scope generate, "CINn" "CINn" 8 17, 8 17 0, S_0x7fbb5fb6ac00;
 .timescale 0 0;
L_0x7fbb5ef24670 .functor AND 1, L_0x7fbb5ef28890, L_0x7fbb5ef0ae40, C4<1>, C4<1>;
v0x7fbb5fb6b000_0 .net *"_ivl_0", 0 0, L_0x7fbb5ef28890;  1 drivers
S_0x7fbb5fb6b0c0 .scope module, "fa_inst" "full_adder" 8 23, 9 1 0, S_0x7fbb5fb6ac00;
 .timescale 0 0;
    .port_info 0 /INPUT 1 "X";
    .port_info 1 /INPUT 1 "Y";
    .port_info 2 /INPUT 1 "CIn";
    .port_info 3 /OUTPUT 1 "F";
    .port_info 4 /OUTPUT 1 "CO";
L_0x7fbb5ef2fc30 .functor XOR 1, L_0x7fbb5ef273d0, L_0x7fbb5ef2c820, C4<0>, C4<0>;
L_0x7fbb5ef2fca0 .functor XOR 1, L_0x7fbb5ef2fc30, L_0x7fbb5ef24670, C4<0>, C4<0>;
L_0x7fbb5ef2fd10 .functor AND 1, L_0x7fbb5ef273d0, L_0x7fbb5ef2c820, C4<1>, C4<1>;
L_0x7fbb5ef2cec0 .functor AND 1, L_0x7fbb5ef2c820, L_0x7fbb5ef24670, C4<1>, C4<1>;
L_0x7fbb5ef2cf30 .functor OR 1, L_0x7fbb5ef2fd10, L_0x7fbb5ef2cec0, C4<0>, C4<0>;
L_0x7fbb5ef2a110 .functor AND 1, L_0x7fbb5ef273d0, L_0x7fbb5ef24670, C4<1>, C4<1>;
L_0x7fbb5ef27320 .functor OR 1, L_0x7fbb5ef2cf30, L_0x7fbb5ef2a110, C4<0>, C4<0>;
v0x7fbb5fb6b360_0 .net "CIn", 0 0, L_0x7fbb5ef24670;  alias, 1 drivers
v0x7fbb5fb6b3f0_0 .net "CO", 0 0, L_0x7fbb5ef27320;  1 drivers
v0x7fbb5fb6b480_0 .net "F", 0 0, L_0x7fbb5ef2fca0;  1 drivers
v0x7fbb5fb6b530_0 .net "X", 0 0, L_0x7fbb5ef273d0;  1 drivers
v0x7fbb5fb6b5d0_0 .net "Y", 0 0, L_0x7fbb5ef2c820;  1 drivers
v0x7fbb5fb6b6b0_0 .net *"_ivl_0", 0 0, L_0x7fbb5ef2fc30;  1 drivers
v0x7fbb5fb6b760_0 .net *"_ivl_10", 0 0, L_0x7fbb5ef2a110;  1 drivers
v0x7fbb5fb6b810_0 .net *"_ivl_4", 0 0, L_0x7fbb5ef2fd10;  1 drivers
v0x7fbb5fb6b8c0_0 .net *"_ivl_6", 0 0, L_0x7fbb5ef2cec0;  1 drivers
v0x7fbb5fb6b9d0_0 .net *"_ivl_8", 0 0, L_0x7fbb5ef2cf30;  1 drivers
S_0x7fbb5fb6bb90 .scope generate, "FA_ARRAY[15]" "FA_ARRAY[15]" 8 14, 8 14 0, S_0x7fbb5fb5cf60;
 .timescale 0 0;
P_0x7fbb5fb6bd50 .param/l "i" 1 8 14, +C4<01111>;
v0x7fbb5fb6ca90_0 .net "cin_stage", 0 0, L_0x7fbb5ef25350;  1 drivers
S_0x7fbb5fb6bdd0 .scope generate, "CINn" "CINn" 8 17, 8 17 0, S_0x7fbb5fb6bb90;
 .timescale 0 0;
L_0x7fbb5ef25350 .functor AND 1, L_0x7fbb5ef16180, L_0x7fbb5ef0ae40, C4<1>, C4<1>;
v0x7fbb5fb6bf90_0 .net *"_ivl_0", 0 0, L_0x7fbb5ef16180;  1 drivers
S_0x7fbb5fb6c050 .scope module, "fa_inst" "full_adder" 8 23, 9 1 0, S_0x7fbb5fb6bb90;
 .timescale 0 0;
    .port_info 0 /INPUT 1 "X";
    .port_info 1 /INPUT 1 "Y";
    .port_info 2 /INPUT 1 "CIn";
    .port_info 3 /OUTPUT 1 "F";
    .port_info 4 /OUTPUT 1 "CO";
L_0x7fbb5ef2aeb0 .functor XOR 1, L_0x7fbb5ef18eb0, L_0x7fbb5ef18f50, C4<0>, C4<0>;
L_0x7fbb5ef2af20 .functor XOR 1, L_0x7fbb5ef2aeb0, L_0x7fbb5ef25350, C4<0>, C4<0>;
L_0x7fbb5ef329e0 .functor AND 1, L_0x7fbb5ef18eb0, L_0x7fbb5ef18f50, C4<1>, C4<1>;
L_0x7fbb5ef32a50 .functor AND 1, L_0x7fbb5ef18f50, L_0x7fbb5ef25350, C4<1>, C4<1>;
L_0x7fbb5ef32ac0 .functor OR 1, L_0x7fbb5ef329e0, L_0x7fbb5ef32a50, C4<0>, C4<0>;
L_0x7fbb5ef21840 .functor AND 1, L_0x7fbb5ef18eb0, L_0x7fbb5ef25350, C4<1>, C4<1>;
L_0x7fbb5ef218b0 .functor OR 1, L_0x7fbb5ef32ac0, L_0x7fbb5ef21840, C4<0>, C4<0>;
v0x7fbb5fb6c2f0_0 .net "CIn", 0 0, L_0x7fbb5ef25350;  alias, 1 drivers
v0x7fbb5fb6c380_0 .net "CO", 0 0, L_0x7fbb5ef218b0;  1 drivers
v0x7fbb5fb6c410_0 .net "F", 0 0, L_0x7fbb5ef2af20;  1 drivers
v0x7fbb5fb6c4c0_0 .net "X", 0 0, L_0x7fbb5ef18eb0;  1 drivers
v0x7fbb5fb6c560_0 .net "Y", 0 0, L_0x7fbb5ef18f50;  1 drivers
v0x7fbb5fb6c640_0 .net *"_ivl_0", 0 0, L_0x7fbb5ef2aeb0;  1 drivers
v0x7fbb5fb6c6f0_0 .net *"_ivl_10", 0 0, L_0x7fbb5ef21840;  1 drivers
v0x7fbb5fb6c7a0_0 .net *"_ivl_4", 0 0, L_0x7fbb5ef329e0;  1 drivers
v0x7fbb5fb6c850_0 .net *"_ivl_6", 0 0, L_0x7fbb5ef32a50;  1 drivers
v0x7fbb5fb6c960_0 .net *"_ivl_8", 0 0, L_0x7fbb5ef32ac0;  1 drivers
S_0x7fbb5fb6cb20 .scope generate, "FA_ARRAY[16]" "FA_ARRAY[16]" 8 14, 8 14 0, S_0x7fbb5fb5cf60;
 .timescale 0 0;
P_0x7fbb5fb6cde0 .param/l "i" 1 8 14, +C4<010000>;
v0x7fbb5fb6daa0_0 .net "cin_stage", 0 0, L_0x7fbb5ef07d30;  1 drivers
S_0x7fbb5fb6ce60 .scope generate, "CINn" "CINn" 8 17, 8 17 0, S_0x7fbb5fb6cb20;
 .timescale 0 0;
L_0x7fbb5ef07d30 .functor AND 1, L_0x7fbb5ef07c90, L_0x7fbb5ef0ae40, C4<1>, C4<1>;
v0x7fbb5fb6cfd0_0 .net *"_ivl_0", 0 0, L_0x7fbb5ef07c90;  1 drivers
S_0x7fbb5fb6d060 .scope module, "fa_inst" "full_adder" 8 23, 9 1 0, S_0x7fbb5fb6cb20;
 .timescale 0 0;
    .port_info 0 /INPUT 1 "X";
    .port_info 1 /INPUT 1 "Y";
    .port_info 2 /INPUT 1 "CIn";
    .port_info 3 /OUTPUT 1 "F";
    .port_info 4 /OUTPUT 1 "CO";
L_0x7fbb5ef253c0 .functor XOR 1, L_0x7fbb5ef0aa80, L_0x7fbb5ef1ea10, C4<0>, C4<0>;
L_0x7fbb5ef13350 .functor XOR 1, L_0x7fbb5ef253c0, L_0x7fbb5ef07d30, C4<0>, C4<0>;
L_0x7fbb5ef133c0 .functor AND 1, L_0x7fbb5ef0aa80, L_0x7fbb5ef1ea10, C4<1>, C4<1>;
L_0x7fbb5ef105a0 .functor AND 1, L_0x7fbb5ef1ea10, L_0x7fbb5ef07d30, C4<1>, C4<1>;
L_0x7fbb5ef10610 .functor OR 1, L_0x7fbb5ef133c0, L_0x7fbb5ef105a0, C4<0>, C4<0>;
L_0x7fbb5ef0d7f0 .functor AND 1, L_0x7fbb5ef0aa80, L_0x7fbb5ef07d30, C4<1>, C4<1>;
L_0x7fbb5ef0d8e0 .functor OR 1, L_0x7fbb5ef10610, L_0x7fbb5ef0d7f0, C4<0>, C4<0>;
v0x7fbb5fb6d300_0 .net "CIn", 0 0, L_0x7fbb5ef07d30;  alias, 1 drivers
v0x7fbb5fb6d390_0 .net "CO", 0 0, L_0x7fbb5ef0d8e0;  1 drivers
v0x7fbb5fb6d420_0 .net "F", 0 0, L_0x7fbb5ef13350;  1 drivers
v0x7fbb5fb6d4d0_0 .net "X", 0 0, L_0x7fbb5ef0aa80;  1 drivers
v0x7fbb5fb6d570_0 .net "Y", 0 0, L_0x7fbb5ef1ea10;  1 drivers
v0x7fbb5fb6d650_0 .net *"_ivl_0", 0 0, L_0x7fbb5ef253c0;  1 drivers
v0x7fbb5fb6d700_0 .net *"_ivl_10", 0 0, L_0x7fbb5ef0d7f0;  1 drivers
v0x7fbb5fb6d7b0_0 .net *"_ivl_4", 0 0, L_0x7fbb5ef133c0;  1 drivers
v0x7fbb5fb6d860_0 .net *"_ivl_6", 0 0, L_0x7fbb5ef105a0;  1 drivers
v0x7fbb5fb6d970_0 .net *"_ivl_8", 0 0, L_0x7fbb5ef10610;  1 drivers
S_0x7fbb5fb6db30 .scope generate, "FA_ARRAY[17]" "FA_ARRAY[17]" 8 14, 8 14 0, S_0x7fbb5fb5cf60;
 .timescale 0 0;
P_0x7fbb5fb6dcf0 .param/l "i" 1 8 14, +C4<010001>;
v0x7fbb5fb6ea30_0 .net "cin_stage", 0 0, L_0x7fbb5ef45070;  1 drivers
S_0x7fbb5fb6dd70 .scope generate, "CINn" "CINn" 8 17, 8 17 0, S_0x7fbb5fb6db30;
 .timescale 0 0;
L_0x7fbb5ef45070 .functor AND 1, L_0x7fbb5ef44fd0, L_0x7fbb5ef0ae40, C4<1>, C4<1>;
v0x7fbb5fb6df30_0 .net *"_ivl_0", 0 0, L_0x7fbb5ef44fd0;  1 drivers
S_0x7fbb5fb6dff0 .scope module, "fa_inst" "full_adder" 8 23, 9 1 0, S_0x7fbb5fb6db30;
 .timescale 0 0;
    .port_info 0 /INPUT 1 "X";
    .port_info 1 /INPUT 1 "Y";
    .port_info 2 /INPUT 1 "CIn";
    .port_info 3 /OUTPUT 1 "F";
    .port_info 4 /OUTPUT 1 "CO";
L_0x7fbb5ef07da0 .functor XOR 1, L_0x7fbb5ef45610, L_0x7fbb5ef45730, C4<0>, C4<0>;
L_0x7fbb5ef45170 .functor XOR 1, L_0x7fbb5ef07da0, L_0x7fbb5ef45070, C4<0>, C4<0>;
L_0x7fbb5ef451e0 .functor AND 1, L_0x7fbb5ef45610, L_0x7fbb5ef45730, C4<1>, C4<1>;
L_0x7fbb5ef452d0 .functor AND 1, L_0x7fbb5ef45730, L_0x7fbb5ef45070, C4<1>, C4<1>;
L_0x7fbb5ef45340 .functor OR 1, L_0x7fbb5ef451e0, L_0x7fbb5ef452d0, C4<0>, C4<0>;
L_0x7fbb5ef45430 .functor AND 1, L_0x7fbb5ef45610, L_0x7fbb5ef45070, C4<1>, C4<1>;
L_0x7fbb5ef45520 .functor OR 1, L_0x7fbb5ef45340, L_0x7fbb5ef45430, C4<0>, C4<0>;
v0x7fbb5fb6e290_0 .net "CIn", 0 0, L_0x7fbb5ef45070;  alias, 1 drivers
v0x7fbb5fb6e320_0 .net "CO", 0 0, L_0x7fbb5ef45520;  1 drivers
v0x7fbb5fb6e3b0_0 .net "F", 0 0, L_0x7fbb5ef45170;  1 drivers
v0x7fbb5fb6e460_0 .net "X", 0 0, L_0x7fbb5ef45610;  1 drivers
v0x7fbb5fb6e500_0 .net "Y", 0 0, L_0x7fbb5ef45730;  1 drivers
v0x7fbb5fb6e5e0_0 .net *"_ivl_0", 0 0, L_0x7fbb5ef07da0;  1 drivers
v0x7fbb5fb6e690_0 .net *"_ivl_10", 0 0, L_0x7fbb5ef45430;  1 drivers
v0x7fbb5fb6e740_0 .net *"_ivl_4", 0 0, L_0x7fbb5ef451e0;  1 drivers
v0x7fbb5fb6e7f0_0 .net *"_ivl_6", 0 0, L_0x7fbb5ef452d0;  1 drivers
v0x7fbb5fb6e900_0 .net *"_ivl_8", 0 0, L_0x7fbb5ef45340;  1 drivers
S_0x7fbb5fb6eac0 .scope generate, "FA_ARRAY[18]" "FA_ARRAY[18]" 8 14, 8 14 0, S_0x7fbb5fb5cf60;
 .timescale 0 0;
P_0x7fbb5fb6ec80 .param/l "i" 1 8 14, +C4<010010>;
v0x7fbb5fb6f9c0_0 .net "cin_stage", 0 0, L_0x7fbb5ef45970;  1 drivers
S_0x7fbb5fb6ed00 .scope generate, "CINn" "CINn" 8 17, 8 17 0, S_0x7fbb5fb6eac0;
 .timescale 0 0;
L_0x7fbb5ef45970 .functor AND 1, L_0x7fbb5ef461c0, L_0x7fbb5ef0ae40, C4<1>, C4<1>;
v0x7fbb5fb6eec0_0 .net *"_ivl_0", 0 0, L_0x7fbb5ef461c0;  1 drivers
S_0x7fbb5fb6ef80 .scope module, "fa_inst" "full_adder" 8 23, 9 1 0, S_0x7fbb5fb6eac0;
 .timescale 0 0;
    .port_info 0 /INPUT 1 "X";
    .port_info 1 /INPUT 1 "Y";
    .port_info 2 /INPUT 1 "CIn";
    .port_info 3 /OUTPUT 1 "F";
    .port_info 4 /OUTPUT 1 "CO";
L_0x7fbb5ef450e0 .functor XOR 1, L_0x7fbb5ef45ee0, L_0x7fbb5ef45850, C4<0>, C4<0>;
L_0x7fbb5ef45a00 .functor XOR 1, L_0x7fbb5ef450e0, L_0x7fbb5ef45970, C4<0>, C4<0>;
L_0x7fbb5ef45ab0 .functor AND 1, L_0x7fbb5ef45ee0, L_0x7fbb5ef45850, C4<1>, C4<1>;
L_0x7fbb5ef45ba0 .functor AND 1, L_0x7fbb5ef45850, L_0x7fbb5ef45970, C4<1>, C4<1>;
L_0x7fbb5ef45c10 .functor OR 1, L_0x7fbb5ef45ab0, L_0x7fbb5ef45ba0, C4<0>, C4<0>;
L_0x7fbb5ef45d00 .functor AND 1, L_0x7fbb5ef45ee0, L_0x7fbb5ef45970, C4<1>, C4<1>;
L_0x7fbb5ef45df0 .functor OR 1, L_0x7fbb5ef45c10, L_0x7fbb5ef45d00, C4<0>, C4<0>;
v0x7fbb5fb6f220_0 .net "CIn", 0 0, L_0x7fbb5ef45970;  alias, 1 drivers
v0x7fbb5fb6f2b0_0 .net "CO", 0 0, L_0x7fbb5ef45df0;  1 drivers
v0x7fbb5fb6f340_0 .net "F", 0 0, L_0x7fbb5ef45a00;  1 drivers
v0x7fbb5fb6f3f0_0 .net "X", 0 0, L_0x7fbb5ef45ee0;  1 drivers
v0x7fbb5fb6f490_0 .net "Y", 0 0, L_0x7fbb5ef45850;  1 drivers
v0x7fbb5fb6f570_0 .net *"_ivl_0", 0 0, L_0x7fbb5ef450e0;  1 drivers
v0x7fbb5fb6f620_0 .net *"_ivl_10", 0 0, L_0x7fbb5ef45d00;  1 drivers
v0x7fbb5fb6f6d0_0 .net *"_ivl_4", 0 0, L_0x7fbb5ef45ab0;  1 drivers
v0x7fbb5fb6f780_0 .net *"_ivl_6", 0 0, L_0x7fbb5ef45ba0;  1 drivers
v0x7fbb5fb6f890_0 .net *"_ivl_8", 0 0, L_0x7fbb5ef45c10;  1 drivers
S_0x7fbb5fb6fa50 .scope generate, "FA_ARRAY[19]" "FA_ARRAY[19]" 8 14, 8 14 0, S_0x7fbb5fb5cf60;
 .timescale 0 0;
P_0x7fbb5fb6fc10 .param/l "i" 1 8 14, +C4<010011>;
v0x7fbb5fb70950_0 .net "cin_stage", 0 0, L_0x7fbb5ef46ad0;  1 drivers
S_0x7fbb5fb6fc90 .scope generate, "CINn" "CINn" 8 17, 8 17 0, S_0x7fbb5fb6fa50;
 .timescale 0 0;
L_0x7fbb5ef46ad0 .functor AND 1, L_0x7fbb5ef46a30, L_0x7fbb5ef0ae40, C4<1>, C4<1>;
v0x7fbb5fb6fe50_0 .net *"_ivl_0", 0 0, L_0x7fbb5ef46a30;  1 drivers
S_0x7fbb5fb6ff10 .scope module, "fa_inst" "full_adder" 8 23, 9 1 0, S_0x7fbb5fb6fa50;
 .timescale 0 0;
    .port_info 0 /INPUT 1 "X";
    .port_info 1 /INPUT 1 "Y";
    .port_info 2 /INPUT 1 "CIn";
    .port_info 3 /OUTPUT 1 "F";
    .port_info 4 /OUTPUT 1 "CO";
L_0x7fbb5ef46000 .functor XOR 1, L_0x7fbb5ef467f0, L_0x7fbb5ef46910, C4<0>, C4<0>;
L_0x7fbb5ef46070 .functor XOR 1, L_0x7fbb5ef46000, L_0x7fbb5ef46ad0, C4<0>, C4<0>;
L_0x7fbb5ef46120 .functor AND 1, L_0x7fbb5ef467f0, L_0x7fbb5ef46910, C4<1>, C4<1>;
L_0x7fbb5ef464b0 .functor AND 1, L_0x7fbb5ef46910, L_0x7fbb5ef46ad0, C4<1>, C4<1>;
L_0x7fbb5ef46520 .functor OR 1, L_0x7fbb5ef46120, L_0x7fbb5ef464b0, C4<0>, C4<0>;
L_0x7fbb5ef46610 .functor AND 1, L_0x7fbb5ef467f0, L_0x7fbb5ef46ad0, C4<1>, C4<1>;
L_0x7fbb5ef46700 .functor OR 1, L_0x7fbb5ef46520, L_0x7fbb5ef46610, C4<0>, C4<0>;
v0x7fbb5fb701b0_0 .net "CIn", 0 0, L_0x7fbb5ef46ad0;  alias, 1 drivers
v0x7fbb5fb70240_0 .net "CO", 0 0, L_0x7fbb5ef46700;  1 drivers
v0x7fbb5fb702d0_0 .net "F", 0 0, L_0x7fbb5ef46070;  1 drivers
v0x7fbb5fb70380_0 .net "X", 0 0, L_0x7fbb5ef467f0;  1 drivers
v0x7fbb5fb70420_0 .net "Y", 0 0, L_0x7fbb5ef46910;  1 drivers
v0x7fbb5fb70500_0 .net *"_ivl_0", 0 0, L_0x7fbb5ef46000;  1 drivers
v0x7fbb5fb705b0_0 .net *"_ivl_10", 0 0, L_0x7fbb5ef46610;  1 drivers
v0x7fbb5fb70660_0 .net *"_ivl_4", 0 0, L_0x7fbb5ef46120;  1 drivers
v0x7fbb5fb70710_0 .net *"_ivl_6", 0 0, L_0x7fbb5ef464b0;  1 drivers
v0x7fbb5fb70820_0 .net *"_ivl_8", 0 0, L_0x7fbb5ef46520;  1 drivers
S_0x7fbb5fb709e0 .scope generate, "FA_ARRAY[20]" "FA_ARRAY[20]" 8 14, 8 14 0, S_0x7fbb5fb5cf60;
 .timescale 0 0;
P_0x7fbb5fb70ba0 .param/l "i" 1 8 14, +C4<010100>;
v0x7fbb5fb718e0_0 .net "cin_stage", 0 0, L_0x7fbb5ef473f0;  1 drivers
S_0x7fbb5fb70c20 .scope generate, "CINn" "CINn" 8 17, 8 17 0, S_0x7fbb5fb709e0;
 .timescale 0 0;
L_0x7fbb5ef473f0 .functor AND 1, L_0x7fbb5ef46380, L_0x7fbb5ef0ae40, C4<1>, C4<1>;
v0x7fbb5fb70de0_0 .net *"_ivl_0", 0 0, L_0x7fbb5ef46380;  1 drivers
S_0x7fbb5fb70ea0 .scope module, "fa_inst" "full_adder" 8 23, 9 1 0, S_0x7fbb5fb709e0;
 .timescale 0 0;
    .port_info 0 /INPUT 1 "X";
    .port_info 1 /INPUT 1 "Y";
    .port_info 2 /INPUT 1 "CIn";
    .port_info 3 /OUTPUT 1 "F";
    .port_info 4 /OUTPUT 1 "CO";
L_0x7fbb5ef46b40 .functor XOR 1, L_0x7fbb5ef470d0, L_0x7fbb5ef46260, C4<0>, C4<0>;
L_0x7fbb5ef46bb0 .functor XOR 1, L_0x7fbb5ef46b40, L_0x7fbb5ef473f0, C4<0>, C4<0>;
L_0x7fbb5ef46ca0 .functor AND 1, L_0x7fbb5ef470d0, L_0x7fbb5ef46260, C4<1>, C4<1>;
L_0x7fbb5ef46d90 .functor AND 1, L_0x7fbb5ef46260, L_0x7fbb5ef473f0, C4<1>, C4<1>;
L_0x7fbb5ef46e00 .functor OR 1, L_0x7fbb5ef46ca0, L_0x7fbb5ef46d90, C4<0>, C4<0>;
L_0x7fbb5ef46ef0 .functor AND 1, L_0x7fbb5ef470d0, L_0x7fbb5ef473f0, C4<1>, C4<1>;
L_0x7fbb5ef46fe0 .functor OR 1, L_0x7fbb5ef46e00, L_0x7fbb5ef46ef0, C4<0>, C4<0>;
v0x7fbb5fb71140_0 .net "CIn", 0 0, L_0x7fbb5ef473f0;  alias, 1 drivers
v0x7fbb5fb711d0_0 .net "CO", 0 0, L_0x7fbb5ef46fe0;  1 drivers
v0x7fbb5fb71260_0 .net "F", 0 0, L_0x7fbb5ef46bb0;  1 drivers
v0x7fbb5fb71310_0 .net "X", 0 0, L_0x7fbb5ef470d0;  1 drivers
v0x7fbb5fb713b0_0 .net "Y", 0 0, L_0x7fbb5ef46260;  1 drivers
v0x7fbb5fb71490_0 .net *"_ivl_0", 0 0, L_0x7fbb5ef46b40;  1 drivers
v0x7fbb5fb71540_0 .net *"_ivl_10", 0 0, L_0x7fbb5ef46ef0;  1 drivers
v0x7fbb5fb715f0_0 .net *"_ivl_4", 0 0, L_0x7fbb5ef46ca0;  1 drivers
v0x7fbb5fb716a0_0 .net *"_ivl_6", 0 0, L_0x7fbb5ef46d90;  1 drivers
v0x7fbb5fb717b0_0 .net *"_ivl_8", 0 0, L_0x7fbb5ef46e00;  1 drivers
S_0x7fbb5fb71970 .scope generate, "FA_ARRAY[21]" "FA_ARRAY[21]" 8 14, 8 14 0, S_0x7fbb5fb5cf60;
 .timescale 0 0;
P_0x7fbb5fb71b30 .param/l "i" 1 8 14, +C4<010101>;
v0x7fbb5fb72870_0 .net "cin_stage", 0 0, L_0x7fbb5ef47290;  1 drivers
S_0x7fbb5fb71bb0 .scope generate, "CINn" "CINn" 8 17, 8 17 0, S_0x7fbb5fb71970;
 .timescale 0 0;
L_0x7fbb5ef47290 .functor AND 1, L_0x7fbb5ef471f0, L_0x7fbb5ef0ae40, C4<1>, C4<1>;
v0x7fbb5fb71d70_0 .net *"_ivl_0", 0 0, L_0x7fbb5ef471f0;  1 drivers
S_0x7fbb5fb71e30 .scope module, "fa_inst" "full_adder" 8 23, 9 1 0, S_0x7fbb5fb71970;
 .timescale 0 0;
    .port_info 0 /INPUT 1 "X";
    .port_info 1 /INPUT 1 "Y";
    .port_info 2 /INPUT 1 "CIn";
    .port_info 3 /OUTPUT 1 "F";
    .port_info 4 /OUTPUT 1 "CO";
L_0x7fbb5ef47460 .functor XOR 1, L_0x7fbb5ef479b0, L_0x7fbb5ef47ad0, C4<0>, C4<0>;
L_0x7fbb5ef474d0 .functor XOR 1, L_0x7fbb5ef47460, L_0x7fbb5ef47290, C4<0>, C4<0>;
L_0x7fbb5ef47580 .functor AND 1, L_0x7fbb5ef479b0, L_0x7fbb5ef47ad0, C4<1>, C4<1>;
L_0x7fbb5ef47670 .functor AND 1, L_0x7fbb5ef47ad0, L_0x7fbb5ef47290, C4<1>, C4<1>;
L_0x7fbb5ef476e0 .functor OR 1, L_0x7fbb5ef47580, L_0x7fbb5ef47670, C4<0>, C4<0>;
L_0x7fbb5ef477d0 .functor AND 1, L_0x7fbb5ef479b0, L_0x7fbb5ef47290, C4<1>, C4<1>;
L_0x7fbb5ef478c0 .functor OR 1, L_0x7fbb5ef476e0, L_0x7fbb5ef477d0, C4<0>, C4<0>;
v0x7fbb5fb720d0_0 .net "CIn", 0 0, L_0x7fbb5ef47290;  alias, 1 drivers
v0x7fbb5fb72160_0 .net "CO", 0 0, L_0x7fbb5ef478c0;  1 drivers
v0x7fbb5fb721f0_0 .net "F", 0 0, L_0x7fbb5ef474d0;  1 drivers
v0x7fbb5fb722a0_0 .net "X", 0 0, L_0x7fbb5ef479b0;  1 drivers
v0x7fbb5fb72340_0 .net "Y", 0 0, L_0x7fbb5ef47ad0;  1 drivers
v0x7fbb5fb72420_0 .net *"_ivl_0", 0 0, L_0x7fbb5ef47460;  1 drivers
v0x7fbb5fb724d0_0 .net *"_ivl_10", 0 0, L_0x7fbb5ef477d0;  1 drivers
v0x7fbb5fb72580_0 .net *"_ivl_4", 0 0, L_0x7fbb5ef47580;  1 drivers
v0x7fbb5fb72630_0 .net *"_ivl_6", 0 0, L_0x7fbb5ef47670;  1 drivers
v0x7fbb5fb72740_0 .net *"_ivl_8", 0 0, L_0x7fbb5ef476e0;  1 drivers
S_0x7fbb5fb72900 .scope generate, "FA_ARRAY[22]" "FA_ARRAY[22]" 8 14, 8 14 0, S_0x7fbb5fb5cf60;
 .timescale 0 0;
P_0x7fbb5fb72ac0 .param/l "i" 1 8 14, +C4<010110>;
v0x7fbb5fb73800_0 .net "cin_stage", 0 0, L_0x7fbb5ef485c0;  1 drivers
S_0x7fbb5fb72b40 .scope generate, "CINn" "CINn" 8 17, 8 17 0, S_0x7fbb5fb72900;
 .timescale 0 0;
L_0x7fbb5ef485c0 .functor AND 1, L_0x7fbb5ef47d10, L_0x7fbb5ef0ae40, C4<1>, C4<1>;
v0x7fbb5fb72d00_0 .net *"_ivl_0", 0 0, L_0x7fbb5ef47d10;  1 drivers
S_0x7fbb5fb72dc0 .scope module, "fa_inst" "full_adder" 8 23, 9 1 0, S_0x7fbb5fb72900;
 .timescale 0 0;
    .port_info 0 /INPUT 1 "X";
    .port_info 1 /INPUT 1 "Y";
    .port_info 2 /INPUT 1 "CIn";
    .port_info 3 /OUTPUT 1 "F";
    .port_info 4 /OUTPUT 1 "CO";
L_0x7fbb5ef47300 .functor XOR 1, L_0x7fbb5ef48270, L_0x7fbb5ef47bf0, C4<0>, C4<0>;
L_0x7fbb5ef47370 .functor XOR 1, L_0x7fbb5ef47300, L_0x7fbb5ef485c0, C4<0>, C4<0>;
L_0x7fbb5ef47e40 .functor AND 1, L_0x7fbb5ef48270, L_0x7fbb5ef47bf0, C4<1>, C4<1>;
L_0x7fbb5ef47f30 .functor AND 1, L_0x7fbb5ef47bf0, L_0x7fbb5ef485c0, C4<1>, C4<1>;
L_0x7fbb5ef47fa0 .functor OR 1, L_0x7fbb5ef47e40, L_0x7fbb5ef47f30, C4<0>, C4<0>;
L_0x7fbb5ef48090 .functor AND 1, L_0x7fbb5ef48270, L_0x7fbb5ef485c0, C4<1>, C4<1>;
L_0x7fbb5ef48180 .functor OR 1, L_0x7fbb5ef47fa0, L_0x7fbb5ef48090, C4<0>, C4<0>;
v0x7fbb5fb73060_0 .net "CIn", 0 0, L_0x7fbb5ef485c0;  alias, 1 drivers
v0x7fbb5fb730f0_0 .net "CO", 0 0, L_0x7fbb5ef48180;  1 drivers
v0x7fbb5fb73180_0 .net "F", 0 0, L_0x7fbb5ef47370;  1 drivers
v0x7fbb5fb73230_0 .net "X", 0 0, L_0x7fbb5ef48270;  1 drivers
v0x7fbb5fb732d0_0 .net "Y", 0 0, L_0x7fbb5ef47bf0;  1 drivers
v0x7fbb5fb733b0_0 .net *"_ivl_0", 0 0, L_0x7fbb5ef47300;  1 drivers
v0x7fbb5fb73460_0 .net *"_ivl_10", 0 0, L_0x7fbb5ef48090;  1 drivers
v0x7fbb5fb73510_0 .net *"_ivl_4", 0 0, L_0x7fbb5ef47e40;  1 drivers
v0x7fbb5fb735c0_0 .net *"_ivl_6", 0 0, L_0x7fbb5ef47f30;  1 drivers
v0x7fbb5fb736d0_0 .net *"_ivl_8", 0 0, L_0x7fbb5ef47fa0;  1 drivers
S_0x7fbb5fb73890 .scope generate, "FA_ARRAY[23]" "FA_ARRAY[23]" 8 14, 8 14 0, S_0x7fbb5fb5cf60;
 .timescale 0 0;
P_0x7fbb5fb73a50 .param/l "i" 1 8 14, +C4<010111>;
v0x7fbb5fb74790_0 .net "cin_stage", 0 0, L_0x7fbb5ef48430;  1 drivers
S_0x7fbb5fb73ad0 .scope generate, "CINn" "CINn" 8 17, 8 17 0, S_0x7fbb5fb73890;
 .timescale 0 0;
L_0x7fbb5ef48430 .functor AND 1, L_0x7fbb5ef48390, L_0x7fbb5ef0ae40, C4<1>, C4<1>;
v0x7fbb5fb73c90_0 .net *"_ivl_0", 0 0, L_0x7fbb5ef48390;  1 drivers
S_0x7fbb5fb73d50 .scope module, "fa_inst" "full_adder" 8 23, 9 1 0, S_0x7fbb5fb73890;
 .timescale 0 0;
    .port_info 0 /INPUT 1 "X";
    .port_info 1 /INPUT 1 "Y";
    .port_info 2 /INPUT 1 "CIn";
    .port_info 3 /OUTPUT 1 "F";
    .port_info 4 /OUTPUT 1 "CO";
L_0x7fbb5ef48630 .functor XOR 1, L_0x7fbb5ef48b40, L_0x7fbb5ef48c60, C4<0>, C4<0>;
L_0x7fbb5ef486a0 .functor XOR 1, L_0x7fbb5ef48630, L_0x7fbb5ef48430, C4<0>, C4<0>;
L_0x7fbb5ef48710 .functor AND 1, L_0x7fbb5ef48b40, L_0x7fbb5ef48c60, C4<1>, C4<1>;
L_0x7fbb5ef48800 .functor AND 1, L_0x7fbb5ef48c60, L_0x7fbb5ef48430, C4<1>, C4<1>;
L_0x7fbb5ef48870 .functor OR 1, L_0x7fbb5ef48710, L_0x7fbb5ef48800, C4<0>, C4<0>;
L_0x7fbb5ef48960 .functor AND 1, L_0x7fbb5ef48b40, L_0x7fbb5ef48430, C4<1>, C4<1>;
L_0x7fbb5ef48a50 .functor OR 1, L_0x7fbb5ef48870, L_0x7fbb5ef48960, C4<0>, C4<0>;
v0x7fbb5fb73ff0_0 .net "CIn", 0 0, L_0x7fbb5ef48430;  alias, 1 drivers
v0x7fbb5fb74080_0 .net "CO", 0 0, L_0x7fbb5ef48a50;  1 drivers
v0x7fbb5fb74110_0 .net "F", 0 0, L_0x7fbb5ef486a0;  1 drivers
v0x7fbb5fb741c0_0 .net "X", 0 0, L_0x7fbb5ef48b40;  1 drivers
v0x7fbb5fb74260_0 .net "Y", 0 0, L_0x7fbb5ef48c60;  1 drivers
v0x7fbb5fb74340_0 .net *"_ivl_0", 0 0, L_0x7fbb5ef48630;  1 drivers
v0x7fbb5fb743f0_0 .net *"_ivl_10", 0 0, L_0x7fbb5ef48960;  1 drivers
v0x7fbb5fb744a0_0 .net *"_ivl_4", 0 0, L_0x7fbb5ef48710;  1 drivers
v0x7fbb5fb74550_0 .net *"_ivl_6", 0 0, L_0x7fbb5ef48800;  1 drivers
v0x7fbb5fb74660_0 .net *"_ivl_8", 0 0, L_0x7fbb5ef48870;  1 drivers
S_0x7fbb5fb74820 .scope generate, "FA_ARRAY[24]" "FA_ARRAY[24]" 8 14, 8 14 0, S_0x7fbb5fb5cf60;
 .timescale 0 0;
P_0x7fbb5fb749e0 .param/l "i" 1 8 14, +C4<011000>;
v0x7fbb5fb75720_0 .net "cin_stage", 0 0, L_0x7fbb5ef48f40;  1 drivers
S_0x7fbb5fb74a60 .scope generate, "CINn" "CINn" 8 17, 8 17 0, S_0x7fbb5fb74820;
 .timescale 0 0;
L_0x7fbb5ef48f40 .functor AND 1, L_0x7fbb5ef48ea0, L_0x7fbb5ef0ae40, C4<1>, C4<1>;
v0x7fbb5fb74c20_0 .net *"_ivl_0", 0 0, L_0x7fbb5ef48ea0;  1 drivers
S_0x7fbb5fb74ce0 .scope module, "fa_inst" "full_adder" 8 23, 9 1 0, S_0x7fbb5fb74820;
 .timescale 0 0;
    .port_info 0 /INPUT 1 "X";
    .port_info 1 /INPUT 1 "Y";
    .port_info 2 /INPUT 1 "CIn";
    .port_info 3 /OUTPUT 1 "F";
    .port_info 4 /OUTPUT 1 "CO";
L_0x7fbb5ef484a0 .functor XOR 1, L_0x7fbb5ef49430, L_0x7fbb5ef48d80, C4<0>, C4<0>;
L_0x7fbb5ef48510 .functor XOR 1, L_0x7fbb5ef484a0, L_0x7fbb5ef48f40, C4<0>, C4<0>;
L_0x7fbb5ef48fc0 .functor AND 1, L_0x7fbb5ef49430, L_0x7fbb5ef48d80, C4<1>, C4<1>;
L_0x7fbb5ef490b0 .functor AND 1, L_0x7fbb5ef48d80, L_0x7fbb5ef48f40, C4<1>, C4<1>;
L_0x7fbb5ef49120 .functor OR 1, L_0x7fbb5ef48fc0, L_0x7fbb5ef490b0, C4<0>, C4<0>;
L_0x7fbb5ef49210 .functor AND 1, L_0x7fbb5ef49430, L_0x7fbb5ef48f40, C4<1>, C4<1>;
L_0x7fbb5ef49300 .functor OR 1, L_0x7fbb5ef49120, L_0x7fbb5ef49210, C4<0>, C4<0>;
v0x7fbb5fb74f80_0 .net "CIn", 0 0, L_0x7fbb5ef48f40;  alias, 1 drivers
v0x7fbb5fb75010_0 .net "CO", 0 0, L_0x7fbb5ef49300;  1 drivers
v0x7fbb5fb750a0_0 .net "F", 0 0, L_0x7fbb5ef48510;  1 drivers
v0x7fbb5fb75150_0 .net "X", 0 0, L_0x7fbb5ef49430;  1 drivers
v0x7fbb5fb751f0_0 .net "Y", 0 0, L_0x7fbb5ef48d80;  1 drivers
v0x7fbb5fb752d0_0 .net *"_ivl_0", 0 0, L_0x7fbb5ef484a0;  1 drivers
v0x7fbb5fb75380_0 .net *"_ivl_10", 0 0, L_0x7fbb5ef49210;  1 drivers
v0x7fbb5fb75430_0 .net *"_ivl_4", 0 0, L_0x7fbb5ef48fc0;  1 drivers
v0x7fbb5fb754e0_0 .net *"_ivl_6", 0 0, L_0x7fbb5ef490b0;  1 drivers
v0x7fbb5fb755f0_0 .net *"_ivl_8", 0 0, L_0x7fbb5ef49120;  1 drivers
S_0x7fbb5fb757b0 .scope generate, "FA_ARRAY[25]" "FA_ARRAY[25]" 8 14, 8 14 0, S_0x7fbb5fb5cf60;
 .timescale 0 0;
P_0x7fbb5fb75970 .param/l "i" 1 8 14, +C4<011001>;
v0x7fbb5fb766b0_0 .net "cin_stage", 0 0, L_0x7fbb5ef495f0;  1 drivers
S_0x7fbb5fb759f0 .scope generate, "CINn" "CINn" 8 17, 8 17 0, S_0x7fbb5fb757b0;
 .timescale 0 0;
L_0x7fbb5ef495f0 .functor AND 1, L_0x7fbb5ef49550, L_0x7fbb5ef0ae40, C4<1>, C4<1>;
v0x7fbb5fb75bb0_0 .net *"_ivl_0", 0 0, L_0x7fbb5ef49550;  1 drivers
S_0x7fbb5fb75c70 .scope module, "fa_inst" "full_adder" 8 23, 9 1 0, S_0x7fbb5fb757b0;
 .timescale 0 0;
    .port_info 0 /INPUT 1 "X";
    .port_info 1 /INPUT 1 "Y";
    .port_info 2 /INPUT 1 "CIn";
    .port_info 3 /OUTPUT 1 "F";
    .port_info 4 /OUTPUT 1 "CO";
L_0x7fbb5ef497b0 .functor XOR 1, L_0x7fbb5ef49e50, L_0x7fbb5ef49f70, C4<0>, C4<0>;
L_0x7fbb5ef49820 .functor XOR 1, L_0x7fbb5ef497b0, L_0x7fbb5ef495f0, C4<0>, C4<0>;
L_0x7fbb5ef49950 .functor AND 1, L_0x7fbb5ef49e50, L_0x7fbb5ef49f70, C4<1>, C4<1>;
L_0x7fbb5ef49a60 .functor AND 1, L_0x7fbb5ef49f70, L_0x7fbb5ef495f0, C4<1>, C4<1>;
L_0x7fbb5ef49af0 .functor OR 1, L_0x7fbb5ef49950, L_0x7fbb5ef49a60, C4<0>, C4<0>;
L_0x7fbb5ef49c50 .functor AND 1, L_0x7fbb5ef49e50, L_0x7fbb5ef495f0, C4<1>, C4<1>;
L_0x7fbb5ef49d40 .functor OR 1, L_0x7fbb5ef49af0, L_0x7fbb5ef49c50, C4<0>, C4<0>;
v0x7fbb5fb75f10_0 .net "CIn", 0 0, L_0x7fbb5ef495f0;  alias, 1 drivers
v0x7fbb5fb75fa0_0 .net "CO", 0 0, L_0x7fbb5ef49d40;  1 drivers
v0x7fbb5fb76030_0 .net "F", 0 0, L_0x7fbb5ef49820;  1 drivers
v0x7fbb5fb760e0_0 .net "X", 0 0, L_0x7fbb5ef49e50;  1 drivers
v0x7fbb5fb76180_0 .net "Y", 0 0, L_0x7fbb5ef49f70;  1 drivers
v0x7fbb5fb76260_0 .net *"_ivl_0", 0 0, L_0x7fbb5ef497b0;  1 drivers
v0x7fbb5fb76310_0 .net *"_ivl_10", 0 0, L_0x7fbb5ef49c50;  1 drivers
v0x7fbb5fb763c0_0 .net *"_ivl_4", 0 0, L_0x7fbb5ef49950;  1 drivers
v0x7fbb5fb76470_0 .net *"_ivl_6", 0 0, L_0x7fbb5ef49a60;  1 drivers
v0x7fbb5fb76580_0 .net *"_ivl_8", 0 0, L_0x7fbb5ef49af0;  1 drivers
S_0x7fbb5fb76740 .scope generate, "FA_ARRAY[26]" "FA_ARRAY[26]" 8 14, 8 14 0, S_0x7fbb5fb5cf60;
 .timescale 0 0;
P_0x7fbb5fb76900 .param/l "i" 1 8 14, +C4<011010>;
v0x7fbb5fb77640_0 .net "cin_stage", 0 0, L_0x7fbb5ef4a250;  1 drivers
S_0x7fbb5fb76980 .scope generate, "CINn" "CINn" 8 17, 8 17 0, S_0x7fbb5fb76740;
 .timescale 0 0;
L_0x7fbb5ef4a250 .functor AND 1, L_0x7fbb5ef4a1b0, L_0x7fbb5ef0ae40, C4<1>, C4<1>;
v0x7fbb5fb76b40_0 .net *"_ivl_0", 0 0, L_0x7fbb5ef4a1b0;  1 drivers
S_0x7fbb5fb76c00 .scope module, "fa_inst" "full_adder" 8 23, 9 1 0, S_0x7fbb5fb76740;
 .timescale 0 0;
    .port_info 0 /INPUT 1 "X";
    .port_info 1 /INPUT 1 "Y";
    .port_info 2 /INPUT 1 "CIn";
    .port_info 3 /OUTPUT 1 "F";
    .port_info 4 /OUTPUT 1 "CO";
L_0x7fbb5ef49660 .functor XOR 1, L_0x7fbb5ef4a850, L_0x7fbb5ef4a090, C4<0>, C4<0>;
L_0x7fbb5ef496d0 .functor XOR 1, L_0x7fbb5ef49660, L_0x7fbb5ef4a250, C4<0>, C4<0>;
L_0x7fbb5ef4a380 .functor AND 1, L_0x7fbb5ef4a850, L_0x7fbb5ef4a090, C4<1>, C4<1>;
L_0x7fbb5ef4a470 .functor AND 1, L_0x7fbb5ef4a090, L_0x7fbb5ef4a250, C4<1>, C4<1>;
L_0x7fbb5ef4a500 .functor OR 1, L_0x7fbb5ef4a380, L_0x7fbb5ef4a470, C4<0>, C4<0>;
L_0x7fbb5ef4a630 .functor AND 1, L_0x7fbb5ef4a850, L_0x7fbb5ef4a250, C4<1>, C4<1>;
L_0x7fbb5ef4a720 .functor OR 1, L_0x7fbb5ef4a500, L_0x7fbb5ef4a630, C4<0>, C4<0>;
v0x7fbb5fb76ea0_0 .net "CIn", 0 0, L_0x7fbb5ef4a250;  alias, 1 drivers
v0x7fbb5fb76f30_0 .net "CO", 0 0, L_0x7fbb5ef4a720;  1 drivers
v0x7fbb5fb76fc0_0 .net "F", 0 0, L_0x7fbb5ef496d0;  1 drivers
v0x7fbb5fb77070_0 .net "X", 0 0, L_0x7fbb5ef4a850;  1 drivers
v0x7fbb5fb77110_0 .net "Y", 0 0, L_0x7fbb5ef4a090;  1 drivers
v0x7fbb5fb771f0_0 .net *"_ivl_0", 0 0, L_0x7fbb5ef49660;  1 drivers
v0x7fbb5fb772a0_0 .net *"_ivl_10", 0 0, L_0x7fbb5ef4a630;  1 drivers
v0x7fbb5fb77350_0 .net *"_ivl_4", 0 0, L_0x7fbb5ef4a380;  1 drivers
v0x7fbb5fb77400_0 .net *"_ivl_6", 0 0, L_0x7fbb5ef4a470;  1 drivers
v0x7fbb5fb77510_0 .net *"_ivl_8", 0 0, L_0x7fbb5ef4a500;  1 drivers
S_0x7fbb5fb776d0 .scope generate, "FA_ARRAY[27]" "FA_ARRAY[27]" 8 14, 8 14 0, S_0x7fbb5fb5cf60;
 .timescale 0 0;
P_0x7fbb5fb77890 .param/l "i" 1 8 14, +C4<011011>;
v0x7fbb5fb785d0_0 .net "cin_stage", 0 0, L_0x7fbb5ef4aa10;  1 drivers
S_0x7fbb5fb77910 .scope generate, "CINn" "CINn" 8 17, 8 17 0, S_0x7fbb5fb776d0;
 .timescale 0 0;
L_0x7fbb5ef4aa10 .functor AND 1, L_0x7fbb5ef4a970, L_0x7fbb5ef0ae40, C4<1>, C4<1>;
v0x7fbb5fb77ad0_0 .net *"_ivl_0", 0 0, L_0x7fbb5ef4a970;  1 drivers
S_0x7fbb5fb77b90 .scope module, "fa_inst" "full_adder" 8 23, 9 1 0, S_0x7fbb5fb776d0;
 .timescale 0 0;
    .port_info 0 /INPUT 1 "X";
    .port_info 1 /INPUT 1 "Y";
    .port_info 2 /INPUT 1 "CIn";
    .port_info 3 /OUTPUT 1 "F";
    .port_info 4 /OUTPUT 1 "CO";
L_0x7fbb5ef4ac00 .functor XOR 1, L_0x7fbb5ef4b260, L_0x7fbb5ef4b380, C4<0>, C4<0>;
L_0x7fbb5ef4ac70 .functor XOR 1, L_0x7fbb5ef4ac00, L_0x7fbb5ef4aa10, C4<0>, C4<0>;
L_0x7fbb5ef4ad60 .functor AND 1, L_0x7fbb5ef4b260, L_0x7fbb5ef4b380, C4<1>, C4<1>;
L_0x7fbb5ef4ae70 .functor AND 1, L_0x7fbb5ef4b380, L_0x7fbb5ef4aa10, C4<1>, C4<1>;
L_0x7fbb5ef4af00 .functor OR 1, L_0x7fbb5ef4ad60, L_0x7fbb5ef4ae70, C4<0>, C4<0>;
L_0x7fbb5ef4b060 .functor AND 1, L_0x7fbb5ef4b260, L_0x7fbb5ef4aa10, C4<1>, C4<1>;
L_0x7fbb5ef4b150 .functor OR 1, L_0x7fbb5ef4af00, L_0x7fbb5ef4b060, C4<0>, C4<0>;
v0x7fbb5fb77e30_0 .net "CIn", 0 0, L_0x7fbb5ef4aa10;  alias, 1 drivers
v0x7fbb5fb77ec0_0 .net "CO", 0 0, L_0x7fbb5ef4b150;  1 drivers
v0x7fbb5fb77f50_0 .net "F", 0 0, L_0x7fbb5ef4ac70;  1 drivers
v0x7fbb5fb78000_0 .net "X", 0 0, L_0x7fbb5ef4b260;  1 drivers
v0x7fbb5fb780a0_0 .net "Y", 0 0, L_0x7fbb5ef4b380;  1 drivers
v0x7fbb5fb78180_0 .net *"_ivl_0", 0 0, L_0x7fbb5ef4ac00;  1 drivers
v0x7fbb5fb78230_0 .net *"_ivl_10", 0 0, L_0x7fbb5ef4b060;  1 drivers
v0x7fbb5fb782e0_0 .net *"_ivl_4", 0 0, L_0x7fbb5ef4ad60;  1 drivers
v0x7fbb5fb78390_0 .net *"_ivl_6", 0 0, L_0x7fbb5ef4ae70;  1 drivers
v0x7fbb5fb784a0_0 .net *"_ivl_8", 0 0, L_0x7fbb5ef4af00;  1 drivers
S_0x7fbb5fb78660 .scope generate, "FA_ARRAY[28]" "FA_ARRAY[28]" 8 14, 8 14 0, S_0x7fbb5fb5cf60;
 .timescale 0 0;
P_0x7fbb5fb78820 .param/l "i" 1 8 14, +C4<011100>;
v0x7fbb5fb79560_0 .net "cin_stage", 0 0, L_0x7fbb5ef4b660;  1 drivers
S_0x7fbb5fb788a0 .scope generate, "CINn" "CINn" 8 17, 8 17 0, S_0x7fbb5fb78660;
 .timescale 0 0;
L_0x7fbb5ef4b660 .functor AND 1, L_0x7fbb5ef4b5c0, L_0x7fbb5ef0ae40, C4<1>, C4<1>;
v0x7fbb5fb78a60_0 .net *"_ivl_0", 0 0, L_0x7fbb5ef4b5c0;  1 drivers
S_0x7fbb5fb78b20 .scope module, "fa_inst" "full_adder" 8 23, 9 1 0, S_0x7fbb5fb78660;
 .timescale 0 0;
    .port_info 0 /INPUT 1 "X";
    .port_info 1 /INPUT 1 "Y";
    .port_info 2 /INPUT 1 "CIn";
    .port_info 3 /OUTPUT 1 "F";
    .port_info 4 /OUTPUT 1 "CO";
L_0x7fbb5ef4aa80 .functor XOR 1, L_0x7fbb5ef4bc60, L_0x7fbb5ef4b4a0, C4<0>, C4<0>;
L_0x7fbb5ef4aaf0 .functor XOR 1, L_0x7fbb5ef4aa80, L_0x7fbb5ef4b660, C4<0>, C4<0>;
L_0x7fbb5ef4b780 .functor AND 1, L_0x7fbb5ef4bc60, L_0x7fbb5ef4b4a0, C4<1>, C4<1>;
L_0x7fbb5ef4b870 .functor AND 1, L_0x7fbb5ef4b4a0, L_0x7fbb5ef4b660, C4<1>, C4<1>;
L_0x7fbb5ef4b900 .functor OR 1, L_0x7fbb5ef4b780, L_0x7fbb5ef4b870, C4<0>, C4<0>;
L_0x7fbb5ef4ba60 .functor AND 1, L_0x7fbb5ef4bc60, L_0x7fbb5ef4b660, C4<1>, C4<1>;
L_0x7fbb5ef4bb50 .functor OR 1, L_0x7fbb5ef4b900, L_0x7fbb5ef4ba60, C4<0>, C4<0>;
v0x7fbb5fb78dc0_0 .net "CIn", 0 0, L_0x7fbb5ef4b660;  alias, 1 drivers
v0x7fbb5fb78e50_0 .net "CO", 0 0, L_0x7fbb5ef4bb50;  1 drivers
v0x7fbb5fb78ee0_0 .net "F", 0 0, L_0x7fbb5ef4aaf0;  1 drivers
v0x7fbb5fb78f90_0 .net "X", 0 0, L_0x7fbb5ef4bc60;  1 drivers
v0x7fbb5fb79030_0 .net "Y", 0 0, L_0x7fbb5ef4b4a0;  1 drivers
v0x7fbb5fb79110_0 .net *"_ivl_0", 0 0, L_0x7fbb5ef4aa80;  1 drivers
v0x7fbb5fb791c0_0 .net *"_ivl_10", 0 0, L_0x7fbb5ef4ba60;  1 drivers
v0x7fbb5fb79270_0 .net *"_ivl_4", 0 0, L_0x7fbb5ef4b780;  1 drivers
v0x7fbb5fb79320_0 .net *"_ivl_6", 0 0, L_0x7fbb5ef4b870;  1 drivers
v0x7fbb5fb79430_0 .net *"_ivl_8", 0 0, L_0x7fbb5ef4b900;  1 drivers
S_0x7fbb5fb795f0 .scope generate, "FA_ARRAY[29]" "FA_ARRAY[29]" 8 14, 8 14 0, S_0x7fbb5fb5cf60;
 .timescale 0 0;
P_0x7fbb5fb797b0 .param/l "i" 1 8 14, +C4<011101>;
v0x7fbb5fb7a4f0_0 .net "cin_stage", 0 0, L_0x7fbb5ef4be20;  1 drivers
S_0x7fbb5fb79830 .scope generate, "CINn" "CINn" 8 17, 8 17 0, S_0x7fbb5fb795f0;
 .timescale 0 0;
L_0x7fbb5ef4be20 .functor AND 1, L_0x7fbb5ef4bd80, L_0x7fbb5ef0ae40, C4<1>, C4<1>;
v0x7fbb5fb799f0_0 .net *"_ivl_0", 0 0, L_0x7fbb5ef4bd80;  1 drivers
S_0x7fbb5fb79ab0 .scope module, "fa_inst" "full_adder" 8 23, 9 1 0, S_0x7fbb5fb795f0;
 .timescale 0 0;
    .port_info 0 /INPUT 1 "X";
    .port_info 1 /INPUT 1 "Y";
    .port_info 2 /INPUT 1 "CIn";
    .port_info 3 /OUTPUT 1 "F";
    .port_info 4 /OUTPUT 1 "CO";
L_0x7fbb5ef4b6d0 .functor XOR 1, L_0x7fbb5ef4c670, L_0x7fbb5ef4c790, C4<0>, C4<0>;
L_0x7fbb5ef4c040 .functor XOR 1, L_0x7fbb5ef4b6d0, L_0x7fbb5ef4be20, C4<0>, C4<0>;
L_0x7fbb5ef4c170 .functor AND 1, L_0x7fbb5ef4c670, L_0x7fbb5ef4c790, C4<1>, C4<1>;
L_0x7fbb5ef4c280 .functor AND 1, L_0x7fbb5ef4c790, L_0x7fbb5ef4be20, C4<1>, C4<1>;
L_0x7fbb5ef4c310 .functor OR 1, L_0x7fbb5ef4c170, L_0x7fbb5ef4c280, C4<0>, C4<0>;
L_0x7fbb5ef4c470 .functor AND 1, L_0x7fbb5ef4c670, L_0x7fbb5ef4be20, C4<1>, C4<1>;
L_0x7fbb5ef4c560 .functor OR 1, L_0x7fbb5ef4c310, L_0x7fbb5ef4c470, C4<0>, C4<0>;
v0x7fbb5fb79d50_0 .net "CIn", 0 0, L_0x7fbb5ef4be20;  alias, 1 drivers
v0x7fbb5fb79de0_0 .net "CO", 0 0, L_0x7fbb5ef4c560;  1 drivers
v0x7fbb5fb79e70_0 .net "F", 0 0, L_0x7fbb5ef4c040;  1 drivers
v0x7fbb5fb79f20_0 .net "X", 0 0, L_0x7fbb5ef4c670;  1 drivers
v0x7fbb5fb79fc0_0 .net "Y", 0 0, L_0x7fbb5ef4c790;  1 drivers
v0x7fbb5fb7a0a0_0 .net *"_ivl_0", 0 0, L_0x7fbb5ef4b6d0;  1 drivers
v0x7fbb5fb7a150_0 .net *"_ivl_10", 0 0, L_0x7fbb5ef4c470;  1 drivers
v0x7fbb5fb7a200_0 .net *"_ivl_4", 0 0, L_0x7fbb5ef4c170;  1 drivers
v0x7fbb5fb7a2b0_0 .net *"_ivl_6", 0 0, L_0x7fbb5ef4c280;  1 drivers
v0x7fbb5fb7a3c0_0 .net *"_ivl_8", 0 0, L_0x7fbb5ef4c310;  1 drivers
S_0x7fbb5fb7a580 .scope generate, "FA_ARRAY[30]" "FA_ARRAY[30]" 8 14, 8 14 0, S_0x7fbb5fb5cf60;
 .timescale 0 0;
P_0x7fbb5fb7a740 .param/l "i" 1 8 14, +C4<011110>;
v0x7fbb5fb7b480_0 .net "cin_stage", 0 0, L_0x7fbb5ef44870;  1 drivers
S_0x7fbb5fb7a7c0 .scope generate, "CINn" "CINn" 8 17, 8 17 0, S_0x7fbb5fb7a580;
 .timescale 0 0;
L_0x7fbb5ef44870 .functor AND 1, L_0x7fbb5ef44640, L_0x7fbb5ef0ae40, C4<1>, C4<1>;
v0x7fbb5fb7a980_0 .net *"_ivl_0", 0 0, L_0x7fbb5ef44640;  1 drivers
S_0x7fbb5fb7aa40 .scope module, "fa_inst" "full_adder" 8 23, 9 1 0, S_0x7fbb5fb7a580;
 .timescale 0 0;
    .port_info 0 /INPUT 1 "X";
    .port_info 1 /INPUT 1 "Y";
    .port_info 2 /INPUT 1 "CIn";
    .port_info 3 /OUTPUT 1 "F";
    .port_info 4 /OUTPUT 1 "CO";
L_0x7fbb5ef4be90 .functor XOR 1, L_0x7fbb5ef4d080, L_0x7fbb5ef44520, C4<0>, C4<0>;
L_0x7fbb5ef4bf00 .functor XOR 1, L_0x7fbb5ef4be90, L_0x7fbb5ef44870, C4<0>, C4<0>;
L_0x7fbb5ef4cb80 .functor AND 1, L_0x7fbb5ef4d080, L_0x7fbb5ef44520, C4<1>, C4<1>;
L_0x7fbb5ef4cc90 .functor AND 1, L_0x7fbb5ef44520, L_0x7fbb5ef44870, C4<1>, C4<1>;
L_0x7fbb5ef4cd20 .functor OR 1, L_0x7fbb5ef4cb80, L_0x7fbb5ef4cc90, C4<0>, C4<0>;
L_0x7fbb5ef4ce80 .functor AND 1, L_0x7fbb5ef4d080, L_0x7fbb5ef44870, C4<1>, C4<1>;
L_0x7fbb5ef4cf70 .functor OR 1, L_0x7fbb5ef4cd20, L_0x7fbb5ef4ce80, C4<0>, C4<0>;
v0x7fbb5fb7ace0_0 .net "CIn", 0 0, L_0x7fbb5ef44870;  alias, 1 drivers
v0x7fbb5fb7ad70_0 .net "CO", 0 0, L_0x7fbb5ef4cf70;  1 drivers
v0x7fbb5fb7ae00_0 .net "F", 0 0, L_0x7fbb5ef4bf00;  1 drivers
v0x7fbb5fb7aeb0_0 .net "X", 0 0, L_0x7fbb5ef4d080;  1 drivers
v0x7fbb5fb7af50_0 .net "Y", 0 0, L_0x7fbb5ef44520;  1 drivers
v0x7fbb5fb7b030_0 .net *"_ivl_0", 0 0, L_0x7fbb5ef4be90;  1 drivers
v0x7fbb5fb7b0e0_0 .net *"_ivl_10", 0 0, L_0x7fbb5ef4ce80;  1 drivers
v0x7fbb5fb7b190_0 .net *"_ivl_4", 0 0, L_0x7fbb5ef4cb80;  1 drivers
v0x7fbb5fb7b240_0 .net *"_ivl_6", 0 0, L_0x7fbb5ef4cc90;  1 drivers
v0x7fbb5fb7b350_0 .net *"_ivl_8", 0 0, L_0x7fbb5ef4cd20;  1 drivers
S_0x7fbb5fb7b510 .scope generate, "FA_ARRAY[31]" "FA_ARRAY[31]" 8 14, 8 14 0, S_0x7fbb5fb5cf60;
 .timescale 0 0;
P_0x7fbb5fb7b6d0 .param/l "i" 1 8 14, +C4<011111>;
v0x7fbb5fb7c410_0 .net "cin_stage", 0 0, L_0x7fbb5ef44dc0;  1 drivers
S_0x7fbb5fb7b750 .scope generate, "CINn" "CINn" 8 17, 8 17 0, S_0x7fbb5fb7b510;
 .timescale 0 0;
L_0x7fbb5ef44dc0 .functor AND 1, L_0x7fbb5ef4e090, L_0x7fbb5ef0ae40, C4<1>, C4<1>;
v0x7fbb5fb7b910_0 .net *"_ivl_0", 0 0, L_0x7fbb5ef4e090;  1 drivers
S_0x7fbb5fb7b9d0 .scope module, "fa_inst" "full_adder" 8 23, 9 1 0, S_0x7fbb5fb7b510;
 .timescale 0 0;
    .port_info 0 /INPUT 1 "X";
    .port_info 1 /INPUT 1 "Y";
    .port_info 2 /INPUT 1 "CIn";
    .port_info 3 /OUTPUT 1 "F";
    .port_info 4 /OUTPUT 1 "CO";
L_0x7fbb5ef448e0 .functor XOR 1, L_0x7fbb5ef4d4d0, L_0x7fbb5ef4d5f0, C4<0>, C4<0>;
L_0x7fbb5ef44950 .functor XOR 1, L_0x7fbb5ef448e0, L_0x7fbb5ef44dc0, C4<0>, C4<0>;
L_0x7fbb5ef44bd0 .functor AND 1, L_0x7fbb5ef4d4d0, L_0x7fbb5ef4d5f0, C4<1>, C4<1>;
L_0x7fbb5ef44cc0 .functor AND 1, L_0x7fbb5ef4d5f0, L_0x7fbb5ef44dc0, C4<1>, C4<1>;
L_0x7fbb5ef44d50 .functor OR 1, L_0x7fbb5ef44bd0, L_0x7fbb5ef44cc0, C4<0>, C4<0>;
L_0x7fbb5ef4c970 .functor AND 1, L_0x7fbb5ef4d4d0, L_0x7fbb5ef44dc0, C4<1>, C4<1>;
L_0x7fbb5ef4ca60 .functor OR 1, L_0x7fbb5ef44d50, L_0x7fbb5ef4c970, C4<0>, C4<0>;
v0x7fbb5fb7bc70_0 .net "CIn", 0 0, L_0x7fbb5ef44dc0;  alias, 1 drivers
v0x7fbb5fb7bd00_0 .net "CO", 0 0, L_0x7fbb5ef4ca60;  1 drivers
v0x7fbb5fb7bd90_0 .net "F", 0 0, L_0x7fbb5ef44950;  1 drivers
v0x7fbb5fb7be40_0 .net "X", 0 0, L_0x7fbb5ef4d4d0;  1 drivers
v0x7fbb5fb7bee0_0 .net "Y", 0 0, L_0x7fbb5ef4d5f0;  1 drivers
v0x7fbb5fb7bfc0_0 .net *"_ivl_0", 0 0, L_0x7fbb5ef448e0;  1 drivers
v0x7fbb5fb7c070_0 .net *"_ivl_10", 0 0, L_0x7fbb5ef4c970;  1 drivers
v0x7fbb5fb7c120_0 .net *"_ivl_4", 0 0, L_0x7fbb5ef44bd0;  1 drivers
v0x7fbb5fb7c1d0_0 .net *"_ivl_6", 0 0, L_0x7fbb5ef44cc0;  1 drivers
v0x7fbb5fb7c2e0_0 .net *"_ivl_8", 0 0, L_0x7fbb5ef44d50;  1 drivers
S_0x7fbb5fb7d490 .scope module, "u_aluctrl" "aluctrl" 3 87, 10 1 0, S_0x7fbb5fb3d910;
 .timescale 0 0;
    .port_info 0 /INPUT 2 "aluOp";
    .port_info 1 /INPUT 6 "funct";
    .port_info 2 /OUTPUT 3 "aluFunc";
L_0x7fbb5ef3bc60 .functor NOT 1, L_0x7fbb5ef3ea10, C4<0>, C4<0>, C4<0>;
L_0x7fbb5ef36140 .functor AND 1, L_0x7fbb5ef3bcd0, L_0x7fbb5ef38f50, C4<1>, C4<1>;
L_0x7fbb5ef305e0 .functor AND 1, L_0x7fbb5ef3bcd0, L_0x7fbb5ef33350, C4<1>, C4<1>;
L_0x7fbb5ef2d890 .functor AND 1, L_0x7fbb5ef3bcd0, L_0x7fbb5ef2d7f0, C4<1>, C4<1>;
L_0x7fbb5ef1c2b0 .functor AND 1, L_0x7fbb5ef3bcd0, L_0x7fbb5ef2aac0, C4<1>, C4<1>;
L_0x7fbb5ef22130 .functor AND 1, L_0x7fbb5ef3bcd0, L_0x7fbb5ef24f20, C4<1>, C4<1>;
L_0x7fbb5ef221e0 .functor OR 1, L_0x7fbb5ef38eb0, L_0x7fbb5ef305e0, C4<0>, C4<0>;
L_0x7fbb5ef1f440 .functor OR 1, L_0x7fbb5ef221e0, L_0x7fbb5ef22130, C4<0>, C4<0>;
L_0x7fbb5ef1c650 .functor NOT 1, L_0x7fbb5ef2d890, C4<0>, C4<0>, C4<0>;
L_0x7fbb5ef19870 .functor NOT 1, L_0x7fbb5ef1c2b0, C4<0>, C4<0>, C4<0>;
L_0x7fbb5ef198e0 .functor AND 1, L_0x7fbb5ef1c650, L_0x7fbb5ef19870, C4<1>, C4<1>;
L_0x7fbb5ef16b50 .functor OR 1, L_0x7fbb5ef1c2b0, L_0x7fbb5ef22130, C4<0>, C4<0>;
v0x7fbb5fb7d6d0_0 .net "ALUFunc1", 0 0, L_0x7fbb5ef1f440;  1 drivers
v0x7fbb5fb7d780_0 .net "ALUFunc2", 0 0, L_0x7fbb5ef198e0;  1 drivers
v0x7fbb5fb7d820_0 .net "ALUFunc3", 0 0, L_0x7fbb5ef16b50;  1 drivers
v0x7fbb5fb7d8b0_0 .net *"_ivl_1", 0 0, L_0x7fbb5ef3ea10;  1 drivers
L_0x7fbb500683b0 .functor BUFT 1, C4<100000>, C4<0>, C4<0>, C4<0>;
v0x7fbb5fb7d950_0 .net/2u *"_ivl_10", 5 0, L_0x7fbb500683b0;  1 drivers
v0x7fbb5fb7da40_0 .net *"_ivl_12", 0 0, L_0x7fbb5ef38f50;  1 drivers
L_0x7fbb500683f8 .functor BUFT 1, C4<100010>, C4<0>, C4<0>, C4<0>;
v0x7fbb5fb7dae0_0 .net/2u *"_ivl_16", 5 0, L_0x7fbb500683f8;  1 drivers
v0x7fbb5fb7db90_0 .net *"_ivl_18", 0 0, L_0x7fbb5ef33350;  1 drivers
L_0x7fbb50068440 .functor BUFT 1, C4<100100>, C4<0>, C4<0>, C4<0>;
v0x7fbb5fb7dc30_0 .net/2u *"_ivl_22", 5 0, L_0x7fbb50068440;  1 drivers
v0x7fbb5fb7dd40_0 .net *"_ivl_24", 0 0, L_0x7fbb5ef2d7f0;  1 drivers
L_0x7fbb50068488 .functor BUFT 1, C4<100101>, C4<0>, C4<0>, C4<0>;
v0x7fbb5fb7dde0_0 .net/2u *"_ivl_28", 5 0, L_0x7fbb50068488;  1 drivers
v0x7fbb5fb7de90_0 .net *"_ivl_30", 0 0, L_0x7fbb5ef2aac0;  1 drivers
L_0x7fbb500684d0 .functor BUFT 1, C4<101010>, C4<0>, C4<0>, C4<0>;
v0x7fbb5fb7df30_0 .net/2u *"_ivl_34", 5 0, L_0x7fbb500684d0;  1 drivers
v0x7fbb5fb7dfe0_0 .net *"_ivl_36", 0 0, L_0x7fbb5ef24f20;  1 drivers
v0x7fbb5fb7e080_0 .net *"_ivl_40", 0 0, L_0x7fbb5ef221e0;  1 drivers
v0x7fbb5fb7e130_0 .net *"_ivl_44", 0 0, L_0x7fbb5ef1c650;  1 drivers
v0x7fbb5fb7e1e0_0 .net *"_ivl_46", 0 0, L_0x7fbb5ef19870;  1 drivers
L_0x7fbb50068368 .functor BUFT 1, C4<01>, C4<0>, C4<0>, C4<0>;
v0x7fbb5fb7e370_0 .net/2u *"_ivl_6", 1 0, L_0x7fbb50068368;  1 drivers
v0x7fbb5fb7e400_0 .net "add", 0 0, L_0x7fbb5ef36140;  1 drivers
v0x7fbb5fb7e4a0_0 .net "aluFunc", 2 0, L_0x7fbb5ef13cc0;  alias, 1 drivers
v0x7fbb5fb7e560_0 .net "aluOp", 1 0, L_0x7fbb5ef35d40;  alias, 1 drivers
v0x7fbb5fb7e5f0_0 .net "and_", 0 0, L_0x7fbb5ef2d890;  1 drivers
v0x7fbb5fb7e680_0 .net "beq", 0 0, L_0x7fbb5ef38eb0;  1 drivers
v0x7fbb5fb7e710_0 .net "funct", 5 0, L_0x7fbb5fb81de0;  alias, 1 drivers
v0x7fbb5fb7e7a0_0 .net "i_type", 0 0, L_0x7fbb5ef3bc60;  1 drivers
v0x7fbb5fb7e830_0 .net "or_", 0 0, L_0x7fbb5ef1c2b0;  1 drivers
v0x7fbb5fb7e8c0_0 .net "r_type", 0 0, L_0x7fbb5ef3bcd0;  1 drivers
v0x7fbb5fb7e950_0 .net "slt", 0 0, L_0x7fbb5ef22130;  1 drivers
v0x7fbb5fb7e9f0_0 .net "sub", 0 0, L_0x7fbb5ef305e0;  1 drivers
L_0x7fbb5ef3ea10 .part L_0x7fbb5ef35d40, 1, 1;
L_0x7fbb5ef3bcd0 .part L_0x7fbb5ef35d40, 1, 1;
L_0x7fbb5ef38eb0 .cmp/eq 2, L_0x7fbb5ef35d40, L_0x7fbb50068368;
L_0x7fbb5ef38f50 .cmp/eq 6, L_0x7fbb5fb81de0, L_0x7fbb500683b0;
L_0x7fbb5ef33350 .cmp/eq 6, L_0x7fbb5fb81de0, L_0x7fbb500683f8;
L_0x7fbb5ef2d7f0 .cmp/eq 6, L_0x7fbb5fb81de0, L_0x7fbb50068440;
L_0x7fbb5ef2aac0 .cmp/eq 6, L_0x7fbb5fb81de0, L_0x7fbb50068488;
L_0x7fbb5ef24f20 .cmp/eq 6, L_0x7fbb5fb81de0, L_0x7fbb500684d0;
L_0x7fbb5ef13cc0 .concat [ 1 1 1 0], L_0x7fbb5ef16b50, L_0x7fbb5ef198e0, L_0x7fbb5ef1f440;
S_0x7fbb5fb7eae0 .scope module, "u_ctrl" "ctrl" 3 46, 11 1 0, S_0x7fbb5fb3d910;
 .timescale 0 0;
    .port_info 0 /INPUT 6 "opCode";
    .port_info 1 /OUTPUT 7 "ctrlSig";
    .port_info 2 /OUTPUT 2 "aluOp";
L_0x7fbb5ef43a00 .functor BUFZ 1, L_0x7fbb5ef443e0, C4<0>, C4<0>, C4<0>;
L_0x7fbb5ef0b090 .functor OR 1, L_0x7fbb5ef10b50, L_0x7fbb5ef0dda0, C4<0>, C4<0>;
L_0x7fbb5ef0de40 .functor BUFZ 1, L_0x7fbb5ef10b50, C4<0>, C4<0>, C4<0>;
L_0x7fbb5ef08240 .functor OR 1, L_0x7fbb5ef443e0, L_0x7fbb5ef10b50, C4<0>, C4<0>;
L_0x7fbb5ef41400 .functor BUFZ 1, L_0x7fbb5ef10b50, C4<0>, C4<0>, C4<0>;
L_0x7fbb5ef41470 .functor BUFZ 1, L_0x7fbb5ef0dda0, C4<0>, C4<0>, C4<0>;
L_0x7fbb5ef3e650 .functor BUFZ 1, L_0x7fbb5ef0aff0, C4<0>, C4<0>, C4<0>;
L_0x7fbb5ef3e6c0 .functor BUFZ 1, L_0x7fbb5ef443e0, C4<0>, C4<0>, C4<0>;
L_0x7fbb5ef3b920 .functor BUFZ 1, L_0x7fbb5ef0aff0, C4<0>, C4<0>, C4<0>;
v0x7fbb5fb7ed00_0 .net "ALUOp1", 0 0, L_0x7fbb5ef3e6c0;  1 drivers
v0x7fbb5fb7edb0_0 .net "ALUOp2", 0 0, L_0x7fbb5ef3b920;  1 drivers
v0x7fbb5fb7ee50_0 .net "ALUSrc", 0 0, L_0x7fbb5ef0b090;  1 drivers
v0x7fbb5fb7ef00_0 .net "MemRead", 0 0, L_0x7fbb5ef41400;  1 drivers
v0x7fbb5fb7efa0_0 .net "MemWrite", 0 0, L_0x7fbb5ef41470;  1 drivers
v0x7fbb5fb7f080_0 .net "MemtoReg", 0 0, L_0x7fbb5ef0de40;  1 drivers
v0x7fbb5fb7f120_0 .net "PCSrc", 0 0, L_0x7fbb5ef3e650;  1 drivers
v0x7fbb5fb7f1c0_0 .net "RegDst", 0 0, L_0x7fbb5ef43a00;  1 drivers
v0x7fbb5fb7f260_0 .net "RegWrite", 0 0, L_0x7fbb5ef08240;  1 drivers
L_0x7fbb50068008 .functor BUFT 1, C4<000000>, C4<0>, C4<0>, C4<0>;
v0x7fbb5fb7f370_0 .net/2u *"_ivl_0", 5 0, L_0x7fbb50068008;  1 drivers
L_0x7fbb500680e0 .functor BUFT 1, C4<000100>, C4<0>, C4<0>, C4<0>;
v0x7fbb5fb7f410_0 .net/2u *"_ivl_12", 5 0, L_0x7fbb500680e0;  1 drivers
L_0x7fbb50068050 .functor BUFT 1, C4<100011>, C4<0>, C4<0>, C4<0>;
v0x7fbb5fb7f4c0_0 .net/2u *"_ivl_4", 5 0, L_0x7fbb50068050;  1 drivers
L_0x7fbb50068098 .functor BUFT 1, C4<101011>, C4<0>, C4<0>, C4<0>;
v0x7fbb5fb7f570_0 .net/2u *"_ivl_8", 5 0, L_0x7fbb50068098;  1 drivers
v0x7fbb5fb7f620_0 .net "aluOp", 1 0, L_0x7fbb5ef35d40;  alias, 1 drivers
v0x7fbb5fb7f6e0_0 .net "beq", 0 0, L_0x7fbb5ef0aff0;  1 drivers
v0x7fbb5fb7f770_0 .net "ctrlSig", 6 0, L_0x7fbb5ef38af0;  alias, 1 drivers
v0x7fbb5fb7f800_0 .net "lw", 0 0, L_0x7fbb5ef10b50;  1 drivers
v0x7fbb5fb7f990_0 .net "opCode", 5 0, L_0x7fbb5fb82dd0;  alias, 1 drivers
v0x7fbb5fb7fa30_0 .net "r_type", 0 0, L_0x7fbb5ef443e0;  1 drivers
v0x7fbb5fb7fad0_0 .net "sw", 0 0, L_0x7fbb5ef0dda0;  1 drivers
L_0x7fbb5ef443e0 .cmp/eq 6, L_0x7fbb5fb82dd0, L_0x7fbb50068008;
L_0x7fbb5ef10b50 .cmp/eq 6, L_0x7fbb5fb82dd0, L_0x7fbb50068050;
L_0x7fbb5ef0dda0 .cmp/eq 6, L_0x7fbb5fb82dd0, L_0x7fbb50068098;
L_0x7fbb5ef0aff0 .cmp/eq 6, L_0x7fbb5fb82dd0, L_0x7fbb500680e0;
LS_0x7fbb5ef38af0_0_0 .concat [ 1 1 1 1], L_0x7fbb5ef3e650, L_0x7fbb5ef41470, L_0x7fbb5ef41400, L_0x7fbb5ef08240;
LS_0x7fbb5ef38af0_0_4 .concat [ 1 1 1 0], L_0x7fbb5ef0de40, L_0x7fbb5ef0b090, L_0x7fbb5ef43a00;
L_0x7fbb5ef38af0 .concat [ 4 3 0 0], LS_0x7fbb5ef38af0_0_0, LS_0x7fbb5ef38af0_0_4;
L_0x7fbb5ef35d40 .concat [ 1 1 0 0], L_0x7fbb5ef3b920, L_0x7fbb5ef3e6c0;
    .scope S_0x7fbb5fb5afb0;
T_0 ;
    %wait E_0x7fbb5fb5b2b0;
    %load/vec4 v0x7fbb5fb5c950_0;
    %flag_set/vec4 9;
    %flag_get/vec4 9;
    %jmp/0 T_0.2, 9;
    %load/vec4 v0x7fbb5fb5c4f0_0;
    %pushi/vec4 0, 0, 5;
    %cmp/ne;
    %flag_get/vec4 4;
    %and;
T_0.2;
    %flag_set/vec4 8;
    %jmp/0xz  T_0.0, 8;
    %load/vec4 v0x7fbb5fb5c8a0_0;
    %load/vec4 v0x7fbb5fb5c4f0_0;
    %pad/u 7;
    %ix/vec4 3;
    %ix/load 4, 0, 0; Constant delay
    %assign/vec4/a/d v0x7fbb5fb5c5b0, 0, 4;
T_0.0 ;
    %jmp T_0;
    .thread T_0;
    .scope S_0x7fbb5fb5cbe0;
T_1 ;
    %wait E_0x7fbb5fb5cef0;
    %load/vec4 v0x7fbb5fb7cf50_0;
    %load/vec4 v0x7fbb5fb7cec0_0;
    %concat/vec4; draw_concat_vec4
    %load/vec4 v0x7fbb5fb7ce30_0;
    %concat/vec4; draw_concat_vec4
    %dup/vec4;
    %pushi/vec4 2, 0, 3;
    %cmp/u;
    %jmp/1 T_1.0, 6;
    %dup/vec4;
    %pushi/vec4 6, 0, 3;
    %cmp/u;
    %jmp/1 T_1.1, 6;
    %dup/vec4;
    %pushi/vec4 0, 0, 3;
    %cmp/u;
    %jmp/1 T_1.2, 6;
    %dup/vec4;
    %pushi/vec4 1, 0, 3;
    %cmp/u;
    %jmp/1 T_1.3, 6;
    %dup/vec4;
    %pushi/vec4 7, 0, 3;
    %cmp/u;
    %jmp/1 T_1.4, 6;
    %load/vec4 v0x7fbb5fb7caa0_0;
    %store/vec4 v0x7fbb5fb7cff0_0, 0, 32;
    %load/vec4 v0x7fbb5fb7cb40_0;
    %store/vec4 v0x7fbb5fb7d120_0, 0, 32;
    %pushi/vec4 0, 0, 1;
    %store/vec4 v0x7fbb5fb7cbe0_0, 0, 1;
    %jmp T_1.6;
T_1.0 ;
    %load/vec4 v0x7fbb5fb7caa0_0;
    %store/vec4 v0x7fbb5fb7cff0_0, 0, 32;
    %load/vec4 v0x7fbb5fb7cb40_0;
    %store/vec4 v0x7fbb5fb7d120_0, 0, 32;
    %pushi/vec4 0, 0, 1;
    %store/vec4 v0x7fbb5fb7cbe0_0, 0, 1;
    %jmp T_1.6;
T_1.1 ;
    %load/vec4 v0x7fbb5fb7caa0_0;
    %store/vec4 v0x7fbb5fb7cff0_0, 0, 32;
    %load/vec4 v0x7fbb5fb7cb40_0;
    %inv;
    %store/vec4 v0x7fbb5fb7d120_0, 0, 32;
    %pushi/vec4 1, 0, 1;
    %store/vec4 v0x7fbb5fb7cbe0_0, 0, 1;
    %jmp T_1.6;
T_1.2 ;
    %load/vec4 v0x7fbb5fb7caa0_0;
    %load/vec4 v0x7fbb5fb7cb40_0;
    %or;
    %store/vec4 v0x7fbb5fb7cff0_0, 0, 32;
    %pushi/vec4 0, 0, 32;
    %store/vec4 v0x7fbb5fb7d120_0, 0, 32;
    %pushi/vec4 0, 0, 1;
    %store/vec4 v0x7fbb5fb7cbe0_0, 0, 1;
    %jmp T_1.6;
T_1.3 ;
    %load/vec4 v0x7fbb5fb7caa0_0;
    %load/vec4 v0x7fbb5fb7cb40_0;
    %inv;
    %or;
    %store/vec4 v0x7fbb5fb7cff0_0, 0, 32;
    %load/vec4 v0x7fbb5fb7cb40_0;
    %inv;
    %store/vec4 v0x7fbb5fb7d120_0, 0, 32;
    %pushi/vec4 0, 0, 1;
    %store/vec4 v0x7fbb5fb7cbe0_0, 0, 1;
    %jmp T_1.6;
T_1.4 ;
    %load/vec4 v0x7fbb5fb7caa0_0;
    %store/vec4 v0x7fbb5fb7cff0_0, 0, 32;
    %load/vec4 v0x7fbb5fb7cb40_0;
    %inv;
    %store/vec4 v0x7fbb5fb7d120_0, 0, 32;
    %pushi/vec4 1, 0, 1;
    %store/vec4 v0x7fbb5fb7cbe0_0, 0, 1;
    %jmp T_1.6;
T_1.6 ;
    %pop/vec4 1;
    %jmp T_1;
    .thread T_1, $push;
    .scope S_0x7fbb5fb5cbe0;
T_2 ;
    %wait E_0x7fbb5fb5ce80;
    %load/vec4 v0x7fbb5fb7cf50_0;
    %load/vec4 v0x7fbb5fb7cec0_0;
    %concat/vec4; draw_concat_vec4
    %load/vec4 v0x7fbb5fb7ce30_0;
    %concat/vec4; draw_concat_vec4
    %dup/vec4;
    %pushi/vec4 7, 0, 3;
    %cmp/u;
    %jmp/1 T_2.0, 6;
    %load/vec4 v0x7fbb5fb7d380_0;
    %store/vec4 v0x7fbb5fb7ccb0_0, 0, 32;
    %jmp T_2.2;
T_2.0 ;
    %pushi/vec4 0, 0, 31;
    %load/vec4 v0x7fbb5fb7d2d0_0;
    %parti/s 1, 31, 6;
    %inv;
    %concat/vec4; draw_concat_vec4
    %store/vec4 v0x7fbb5fb7ccb0_0, 0, 32;
    %jmp T_2.2;
T_2.2 ;
    %pop/vec4 1;
    %jmp T_2;
    .thread T_2, $push;
    .scope S_0x7fbb5fb5cbe0;
T_3 ;
    %wait E_0x7fbb5fb5ce20;
    %load/vec4 v0x7fbb5fb7ccb0_0;
    %pushi/vec4 0, 0, 32;
    %cmp/e;
    %flag_get/vec4 4;
    %store/vec4 v0x7fbb5fb7d1b0_0, 0, 1;
    %jmp T_3;
    .thread T_3, $push;
    .scope S_0x7fbb5fb3d910;
T_4 ;
    %pushi/vec4 0, 0, 32;
    %store/vec4 v0x7fbb5fb7fed0_0, 0, 32;
    %end;
    .thread T_4;
    .scope S_0x7fbb5fb3d910;
T_5 ;
    %wait E_0x7fbb5fb5b2b0;
    %load/vec4 v0x7fbb5fb81080_0;
    %flag_set/vec4 8;
    %jmp/0 T_5.0, 8;
    %load/vec4 v0x7fbb5fb80a10_0;
    %jmp/1 T_5.1, 8;
T_5.0 ; End of true expr.
    %load/vec4 v0x7fbb5fb80f10_0;
    %jmp/0 T_5.1, 8;
 ; End of false expr.
    %blend;
T_5.1;
    %assign/vec4 v0x7fbb5fb7fed0_0, 0;
    %jmp T_5;
    .thread T_5;
    .scope S_0x7fbb5fb2a920;
T_6 ;
    %pushi/vec4 0, 0, 32;
    %store/vec4 v0x7fbb5fb81a90_0, 0, 32;
    %pushi/vec4 0, 0, 1;
    %store/vec4 v0x7fbb5fb819c0_0, 0, 1;
    %end;
    .thread T_6;
    .scope S_0x7fbb5fb2a920;
T_7 ;
    %delay 5000, 0;
    %load/vec4 v0x7fbb5fb819c0_0;
    %inv;
    %store/vec4 v0x7fbb5fb819c0_0, 0, 1;
    %jmp T_7;
    .thread T_7;
    .scope S_0x7fbb5fb2a920;
T_8 ;
    %wait E_0x7fbb5fb5b2b0;
    %load/vec4 v0x7fbb5fb81bf0_0;
    %parti/s 8, 2, 3;
    %pad/u 10;
    %ix/vec4 4;
    %load/vec4a v0x7fbb5fb81b20, 4;
    %assign/vec4 v0x7fbb5fb81c80_0, 0;
    %jmp T_8;
    .thread T_8;
    .scope S_0x7fbb5fb2a920;
T_9 ;
    %vpi_call 2 32 "$dumpfile", "wave.vcd" {0 0 0};
    %vpi_call 2 33 "$dumpvars", 32'sb00000000000000000000000000000000, S_0x7fbb5fb2a920 {0 0 0};
    %pushi/vec4 0, 0, 32;
    %store/vec4 v0x7fbb5fb81a90_0, 0, 32;
T_9.0 ; Top of for-loop
    %load/vec4 v0x7fbb5fb81a90_0;
    %cmpi/s 32, 0, 32;
	  %jmp/0xz T_9.1, 5;
    %pushi/vec4 0, 0, 32;
    %ix/getv/s 4, v0x7fbb5fb81a90_0;
    %store/vec4a v0x7fbb5fb5c5b0, 4, 0;
T_9.2 ; for-loop step statement
    %load/vec4 v0x7fbb5fb81a90_0;
    %addi 1, 0, 32;
    %store/vec4 v0x7fbb5fb81a90_0, 0, 32;
    %jmp T_9.0;
T_9.1 ; for-loop exit label
    %pushi/vec4 8, 0, 32;
    %ix/load 4, 2, 0;
    %flag_set/imm 4, 0;
    %store/vec4a v0x7fbb5fb5c5b0, 4, 0;
    %pushi/vec4 5, 0, 32;
    %ix/load 4, 3, 0;
    %flag_set/imm 4, 0;
    %store/vec4a v0x7fbb5fb5c5b0, 4, 0;
    %pushi/vec4 4392992, 0, 32;
    %ix/load 4, 0, 0;
    %flag_set/imm 4, 0;
    %store/vec4a v0x7fbb5fb81b20, 4, 0;
    %delay 200000, 0;
    %vpi_call 2 46 "$finish" {0 0 0};
    %end;
    .thread T_9;
# The file index is used to find the file name in the following table.
:file_names 12;
    "N/A";
    "<interactive>";
    "tb_CPU.v";
    "cpu.v";
    "MUX32.v";
    "MUX05.v";
    "reg_file.v";
    "alu32.v";
    "rca32.v";
    "full_adder.v";
    "aluctrl.v";
    "ctrl.v";
